\BOOKMARK [0][-]{section*.2}{\376\377\000A\000b\000s\000t\000r\000a\000c\000t}{}% 1
\BOOKMARK [0][-]{section*.3}{\376\377\000B\000e\000k\000n\000o\000p\000t\000e\000\040\000s\000a\000m\000e\000n\000v\000a\000t\000t\000i\000n\000g}{}% 2
\BOOKMARK [0][-]{section*.3}{\376\377\000L\000i\000s\000t\000\040\000o\000f\000\040\000A\000b\000b\000r\000e\000v\000i\000a\000t\000i\000o\000n\000s}{}% 3
\BOOKMARK [0][-]{section*.3}{\376\377\000L\000i\000s\000t\000\040\000o\000f\000\040\000S\000y\000m\000b\000o\000l\000s}{}% 4
\BOOKMARK [0][-]{section*.4}{\376\377\000C\000o\000n\000t\000e\000n\000t\000s}{}% 5
\BOOKMARK [0][-]{section*.6}{\376\377\000L\000i\000s\000t\000\040\000o\000f\000\040\000F\000i\000g\000u\000r\000e\000s}{}% 6
\BOOKMARK [0][-]{section*.8}{\376\377\000L\000i\000s\000t\000\040\000o\000f\000\040\000T\000a\000b\000l\000e\000s}{}% 7
\BOOKMARK [0][-]{chapter.1}{\376\377\000I\000n\000t\000r\000o\000d\000u\000c\000t\000i\000o\000n}{}% 8
\BOOKMARK [0][-]{chapter.2}{\376\377\000M\000a\000n\000u\000a\000l}{}% 9
\BOOKMARK [1][-]{section.2.1}{\376\377\000T\000i\000p\000s\000\040\000a\000n\000d\000\040\000T\000r\000i\000c\000k\000s}{chapter.2}% 10
\BOOKMARK [2][-]{subsection.2.1.1}{\376\377\000I\000m\000a\000g\000e\000\040\000o\000n\000\040\000t\000h\000e\000\040\000c\000o\000v\000e\000r\000\040\000p\000a\000g\000e}{section.2.1}% 11
\BOOKMARK [2][-]{subsection.2.1.2}{\376\377\000F\000u\000l\000l\000\040\000c\000o\000v\000e\000r\000\040\000p\000a\000g\000e}{section.2.1}% 12
\BOOKMARK [2][-]{subsection.2.1.3}{\376\377\000T\000a\000b\000l\000e\000\040\000o\000f\000\040\000c\000o\000n\000t\000e\000n\000t\000s}{section.2.1}% 13
\BOOKMARK [2][-]{subsection.2.1.4}{\376\377\000S\000m\000a\000l\000l\000\040\000e\000b\000o\000o\000k\000\040\000s\000i\000z\000e}{section.2.1}% 14
\BOOKMARK [1][-]{section.2.2}{\376\377\000S\000e\000t\000t\000i\000n\000g\000s\000\040\000f\000o\000r\000\040\000T\000e\000X\000s\000t\000u\000d\000i\000o}{chapter.2}% 15
\BOOKMARK [2][-]{subsection.2.2.1}{\376\377\000C\000u\000s\000t\000o\000m\000\040\000m\000a\000k\000e\000i\000n\000d\000e\000x\000\040\000a\000n\000d\000\040\000m\000a\000k\000e\000g\000l\000o\000s\000s\000a\000r\000i\000e\000s\000\040\000c\000o\000m\000m\000a\000n\000d\000s}{section.2.2}% 16
\BOOKMARK [2][-]{subsection.2.2.2}{\376\377\000C\000u\000s\000t\000o\000m\000\040\000B\000u\000i\000l\000d\000\046\000V\000i\000e\000w\000\040\000a\000n\000d\000\040\000C\000o\000m\000p\000i\000l\000e\000\040\000m\000e\000t\000a\000-\000c\000o\000m\000m\000a\000n\000d\000s}{section.2.2}% 17
\BOOKMARK [0][-]{chapter.3}{\376\377\000T\000h\000i\000s\000\040\000i\000s\000\040\000c\000o\000n\000c\000l\000u\000s\000i\000o\000n}{}% 18
\BOOKMARK [0][-]{appendix.A}{\376\377\000T\000h\000i\000s\000\040\000i\000s\000\040\000m\000y\000a\000p\000p\000e\000n\000d\000i\000x}{}% 19
\BOOKMARK [0][-]{section*.10}{\376\377\000T\000h\000i\000s\000\040\000i\000s\000\040\000c\000u\000r\000r\000i\000c\000u\000l\000u\000m}{}% 20
