This is LuaHBTeX, Version 1.18.1 (MiKTeX 24.4) (format=lualatex 2024.7.31)  1 AUG 2024 02:56
 system commands enabled.
 file:line:error style messages enabled.
**main.tex
(./main.tex
LaTeX2e <2024-06-01> patch level 2
L3 programming layer <2024-05-27>
Lua module: luaotfload 2024-02-14 3.28 Lua based OpenType font support
Lua module: lualibs 2023-07-13 2.76 ConTeXt Lua standard libraries.
Lua module: lualibs-extended 2023-07-13 2.76 ConTeXt Lua libraries -- extended c
ollection.
luaotfload | conf : Root cache directory is "C:/Users/Henri De Plaen/AppData/Loc
al/MiKTeX/luatex-cache/generic/names".
luaotfload | init : Loading fontloader "fontloader-2023-12-28.lua" from kpse-res
olved path "C:/Users/Henri De Plaen/AppData/Local/Programs/MiKTeX/tex/luatex/lua
otfload/fontloader-2023-12-28.lua".
Lua-only attribute luaotfload@noligature = 1
luaotfload | init : Context OpenType loader version 3.134
Inserting `luaotfload.node_processor' in `pre_linebreak_filter'.
Inserting `luaotfload.node_processor' in `hpack_filter'.
Inserting `luaotfload.glyph_stream' in `glyph_stream_provider'.
Inserting `luaotfload.define_font' in `define_font'.
Lua-only attribute luaotfload_color_attribute = 2
luaotfload | conf : Root cache directory is "C:/Users/Henri De Plaen/AppData/Loc
al/MiKTeX/luatex-cache/generic/names".
Inserting `luaotfload.harf.strip_prefix' in `find_opentype_file'.
Inserting `luaotfload.harf.strip_prefix' in `find_truetype_file'.
Removing  `luaotfload.glyph_stream' from `glyph_stream_provider'.
Inserting `luaotfload.harf.glyphstream' in `glyph_stream_provider'.
Inserting `luaotfload.harf.finalize_vlist' in `post_linebreak_filter'.
Inserting `luaotfload.harf.finalize_hlist' in `hpack_filter'.
Inserting `luaotfload.cleanup_files' in `wrapup_run'.
Inserting `luaotfload.harf.finalize_unicode' in `finish_pdffile'.
Inserting `luaotfload.glyphinfo' in `glyph_info'.
Lua-only attribute luaotfload.letterspace_done = 3
Inserting `luaotfload.aux.set_sscale_dimens' in `luaotfload.patch_font'.
Inserting `luaotfload.aux.set_font_index' in `luaotfload.patch_font'.
Inserting `luaotfload.aux.patch_cambria_domh' in `luaotfload.patch_font'.
Inserting `luaotfload.aux.fixup_fontdata' in `luaotfload.patch_font_unsafe'.
Inserting `luaotfload.aux.set_capheight' in `luaotfload.patch_font'.
Inserting `luaotfload.aux.set_xheight' in `luaotfload.patch_font'.
Inserting `luaotfload.rewrite_fontname' in `luaotfload.patch_font'.
Inserting `tracingstacklevels' in `input_level_string'. (./adsphd.cls
Document Class: adsphd 2016/05/30 v1.3 Standard KU Leuven Arenberg Doctoral Sch
ool PhD class

("C:/Users/Henri De Plaen/AppData/Local/Programs/MiKTeX/tex/generic/iftex/ifpdf
.sty"
Package: ifpdf 2019/10/25 v3.4 ifpdf legacy package. Use iftex instead.

("C:/Users/Henri De Plaen/AppData/Local/Programs/MiKTeX/tex/generic/iftex/iftex
.sty"
Package: iftex 2022/02/03 v1.0f TeX engine tests
))
("C:/Users/Henri De Plaen/AppData/Local/Programs/MiKTeX/tex/latex/xcolor/xcolor
.sty"
Package: xcolor 2023/11/15 v3.01 LaTeX color extensions (UK)

("C:/Users/Henri De Plaen/AppData/Local/Programs/MiKTeX/tex/latex/graphics-cfg/
color.cfg"
File: color.cfg 2016/01/02 v1.6 sample color configuration
)
Package xcolor Info: Driver file: luatex.def on input line 274.

("C:/Users/Henri De Plaen/AppData/Local/Programs/MiKTeX/tex/latex/graphics-def/
luatex.def"
File: luatex.def 2024/04/13 v1.2e Graphics/color driver for luatex
)
("C:/Users/Henri De Plaen/AppData/Local/Programs/MiKTeX/tex/latex/graphics/math
color.ltx")
Package xcolor Info: Model `cmy' substituted by `cmy0' on input line 1350.
Package xcolor Info: Model `hsb' substituted by `rgb' on input line 1354.
Package xcolor Info: Model `RGB' extended on input line 1366.
Package xcolor Info: Model `HTML' substituted by `rgb' on input line 1368.
Package xcolor Info: Model `Hsb' substituted by `hsb' on input line 1369.
Package xcolor Info: Model `tHsb' substituted by `hsb' on input line 1370.
Package xcolor Info: Model `HSB' substituted by `hsb' on input line 1371.
Package xcolor Info: Model `Gray' substituted by `gray' on input line 1372.
Package xcolor Info: Model `wave' substituted by `hsb' on input line 1373.
)
("C:/Users/Henri De Plaen/AppData/Local/Programs/MiKTeX/tex/latex/graphics/dvip
snam.def"
File: dvipsnam.def 2016/06/17 v3.0m Driver-dependent file (DPC,SPQR)
)
("C:/Users/Henri De Plaen/AppData/Local/Programs/MiKTeX/tex/latex/xcolor/svgnam
.def"
File: svgnam.def 2023/11/15 v3.01 Predefined colors according to SVG 1.1 (UK)
)
("C:/Users/Henri De Plaen/AppData/Local/Programs/MiKTeX/tex/latex/colortbl/colo
rtbl.sty"
Package: colortbl 2024/07/06 v1.0i Color table columns (DPC)

("C:/Users/Henri De Plaen/AppData/Local/Programs/MiKTeX/tex/latex/tools/array.s
ty"
Package: array 2024/06/14 v2.6d Tabular extension package (FMi)
\col@sep=\dimen140
\ar@mcellbox=\box52
\extrarowheight=\dimen141
\NC@list=\toks17
\extratabsurround=\skip49
\backup@length=\skip50
\ar@cellbox=\box53
)
\everycr=\toks18
\minrowclearance=\skip51
\rownum=\count192
)
\adsphdpaperheight=\skip52
\adsphdpaperwidth=\skip53
\adsphdspinewidth=\skip54
\defaultlbleed=\skip55
\defaultrbleed=\skip56
\defaulttbleed=\skip57
\defaultbbleed=\skip58
\lbleed=\skip59
\rbleed=\skip60
\tbleed=\skip61
\bbleed=\skip62
\tmplength=\skip63

("C:/Users/Henri De Plaen/AppData/Local/Programs/MiKTeX/tex/latex/kvoptions/kvo
ptions.sty"
Package: kvoptions 2022-06-15 v3.15 Key value format for package options (HO)

("C:/Users/Henri De Plaen/AppData/Local/Programs/MiKTeX/tex/latex/graphics/keyv
al.sty"
Package: keyval 2022/05/29 v1.15 key=value parser (DPC)
\KV@toks@=\toks19
)
("C:/Users/Henri De Plaen/AppData/Local/Programs/MiKTeX/tex/generic/ltxcmds/ltx
cmds.sty"
Package: ltxcmds 2023-12-04 v1.26 LaTeX kernel commands for general use (HO)
)
("C:/Users/Henri De Plaen/AppData/Local/Programs/MiKTeX/tex/latex/kvsetkeys/kvs
etkeys.sty"
Package: kvsetkeys 2022-10-05 v1.19 Key value parser (HO)
))
("C:/Users/Henri De Plaen/AppData/Local/Programs/MiKTeX/tex/latex/etoolbox/etoo
lbox.sty"
Package: etoolbox 2020/10/05 v2.5k e-TeX tools for LaTeX (JAW)
\etb@tempcnta=\count193
)
adsphd.cls: [frame]
adsphd.cls: No colored links (./adsphd.cfg
File: adsphd.cfg 2016/06/01
)
("C:/Users/Henri De Plaen/AppData/Local/Programs/MiKTeX/tex/latex/base/report.c
ls"
Document Class: report 2024/02/08 v1.4n Standard LaTeX document class

("C:/Users/Henri De Plaen/AppData/Local/Programs/MiKTeX/tex/latex/base/fleqn.cl
o"
File: fleqn.clo 2016/12/29 v1.2b Standard LaTeX option (flush left equations)
\mathindent=\skip64
Applying: [2015/01/01] Make \[ robust on input line 50.
LaTeX Info: Redefining \[ on input line 51.
Already applied: [0000/00/00] Make \[ robust on input line 62.
Applying: [2015/01/01] Make \] robust on input line 74.
LaTeX Info: Redefining \] on input line 75.
Already applied: [0000/00/00] Make \] robust on input line 83.
)
("C:/Users/Henri De Plaen/AppData/Local/Programs/MiKTeX/tex/latex/base/size10.c
lo"
File: size10.clo 2024/02/08 v1.4n Standard LaTeX file (size option)
luaotfload | db : Font names database loaded from C:/Users/Henri De Plaen/AppDat
a/Local/MiKTeX/luatex-cache/generic/names/luaotfload-names.luc.gz)
\c@part=\count194
\c@chapter=\count195
\c@section=\count196
\c@subsection=\count197
\c@subsubsection=\count198
\c@paragraph=\count199
\c@subparagraph=\count266
\c@figure=\count267
\c@table=\count268
\abovecaptionskip=\skip65
\belowcaptionskip=\skip66
\bibindent=\dimen142
)
("C:/Users/Henri De Plaen/AppData/Local/Programs/MiKTeX/tex/latex/datatool/data
tool.sty"
Package: datatool 2019/09/27 v2.32 (NLCT)

("C:/Users/Henri De Plaen/AppData/Local/Programs/MiKTeX/tex/latex/xkeyval/xkeyv
al.sty"
Package: xkeyval 2022/06/16 v2.9 package option processing (HA)

("C:/Users/Henri De Plaen/AppData/Local/Programs/MiKTeX/tex/generic/xkeyval/xke
yval.tex"
("C:/Users/Henri De Plaen/AppData/Local/Programs/MiKTeX/tex/generic/xkeyval/xkv
utils.tex"
\XKV@toks=\toks20
\XKV@tempa@toks=\toks21
)
\XKV@depth=\count269
File: xkeyval.tex 2014/12/03 v2.7a key=value parser (HA)
))
("C:/Users/Henri De Plaen/AppData/Local/Programs/MiKTeX/tex/latex/base/ifthen.s
ty"
Package: ifthen 2024/03/16 v1.1e Standard LaTeX ifthen package (DPC)
)
("C:/Users/Henri De Plaen/AppData/Local/Programs/MiKTeX/tex/latex/xfor/xfor.sty
"
Package: xfor 2009/02/05 v1.05 (NLCT)
)
("C:/Users/Henri De Plaen/AppData/Local/Programs/MiKTeX/tex/latex/substr/substr
.sty"
Package: substr 2009/10/20 v1.2 Handle substrings
\c@su@anzahl=\count270
)
("C:/Users/Henri De Plaen/AppData/Local/Programs/MiKTeX/tex/latex/datatool/data
tool-base.sty"
Package: datatool-base 2019/09/27 v2.32 (NLCT)

("C:/Users/Henri De Plaen/AppData/Local/Programs/MiKTeX/tex/latex/amsmath/amsma
th.sty"
Package: amsmath 2024/05/23 v2.17q AMS math features
\@mathmargin=\skip67

For additional information on amsmath, use the `?' option.

("C:/Users/Henri De Plaen/AppData/Local/Programs/MiKTeX/tex/latex/amsmath/amste
xt.sty"
Package: amstext 2021/08/26 v2.01 AMS text

("C:/Users/Henri De Plaen/AppData/Local/Programs/MiKTeX/tex/latex/amsmath/amsge
n.sty"
File: amsgen.sty 1999/11/30 v2.0 generic functions
\@emptytoks=\toks22
\ex@=\dimen143
))
("C:/Users/Henri De Plaen/AppData/Local/Programs/MiKTeX/tex/latex/amsmath/amsbs
y.sty"
Package: amsbsy 1999/11/29 v1.2d Bold Symbols
\pmbraise@=\dimen144
)
("C:/Users/Henri De Plaen/AppData/Local/Programs/MiKTeX/tex/latex/amsmath/amsop
n.sty"
Package: amsopn 2022/04/08 v2.04 operator names
)
\inf@bad=\count271
LaTeX Info: Redefining \frac on input line 235.
\uproot@=\count272
\leftroot@=\count273
LaTeX Info: Redefining \overline on input line 398.
LaTeX Info: Redefining \colon on input line 409.
\classnum@=\count274
\DOTSCASE@=\count275
LaTeX Info: Redefining \ldots on input line 495.
LaTeX Info: Redefining \dots on input line 498.
LaTeX Info: Redefining \cdots on input line 619.
\Mathstrutbox@=\box54
\strutbox@=\box55
LaTeX Info: Redefining \big on input line 721.
LaTeX Info: Redefining \Big on input line 722.
LaTeX Info: Redefining \bigg on input line 723.
LaTeX Info: Redefining \Bigg on input line 724.
\big@size=\dimen145
LaTeX Font Info:    Redeclaring font encoding OML on input line 742.
LaTeX Font Info:    Redeclaring font encoding OMS on input line 743.
\macc@depth=\count276
LaTeX Info: Redefining \bmod on input line 904.
LaTeX Info: Redefining \pmod on input line 909.
LaTeX Info: Redefining \smash on input line 939.
LaTeX Info: Redefining \relbar on input line 969.
LaTeX Info: Redefining \Relbar on input line 970.
\c@MaxMatrixCols=\count277
\dotsspace@=\muskip17
\c@parentequation=\count278
\dspbrk@lvl=\count279
\tag@help=\toks23
\row@=\count280
\column@=\count281
\maxfields@=\count282
\andhelp@=\toks24
\eqnshift@=\dimen146
\alignsep@=\dimen147
\tagshift@=\dimen148
\tagwidth@=\dimen149
\totwidth@=\dimen150
\lineht@=\dimen151
\@envbody=\toks25
\multlinegap=\skip68
\multlinetaggap=\skip69
\mathdisplay@stack=\toks26
LaTeX Info: Redefining \[ on input line 2953.
LaTeX Info: Redefining \] on input line 2954.
)
("C:/Users/Henri De Plaen/AppData/Local/Programs/MiKTeX/tex/latex/datatool/data
tool-fp.sty"
Package: datatool-fp 2019/09/27 v2.32 (NLCT)

("C:/Users/Henri De Plaen/AppData/Local/Programs/MiKTeX/tex/latex/fp/fp.sty"
Package: fp 1995/04/02

`Fixed Point Package', Version 0.8, April 2, 1995 (C) Michael Mehlich
("C:/Users/Henri De Plaen/AppData/Local/Programs/MiKTeX/tex/latex/fp/defpattern
.sty"
Package: defpattern 1994/10/12
\actioncount=\count283
)
("C:/Users/Henri De Plaen/AppData/Local/Programs/MiKTeX/tex/latex/fp/fp-basic.s
ty"
Package: fp-basic 1996/05/13
\FP@xs=\count284
\FP@xia=\count285
\FP@xib=\count286
\FP@xfa=\count287
\FP@xfb=\count288
\FP@rega=\count289
\FP@regb=\count290
\FP@regs=\count291
\FP@times=\count292
)
("C:/Users/Henri De Plaen/AppData/Local/Programs/MiKTeX/tex/latex/fp/fp-addons.
sty"
Package: fp-addons 1995/03/15
)
("C:/Users/Henri De Plaen/AppData/Local/Programs/MiKTeX/tex/latex/fp/fp-snap.st
y"
Package: fp-snap 1995/04/05
)
("C:/Users/Henri De Plaen/AppData/Local/Programs/MiKTeX/tex/latex/fp/fp-exp.sty
"
Package: fp-exp 1995/04/03
)
("C:/Users/Henri De Plaen/AppData/Local/Programs/MiKTeX/tex/latex/fp/fp-trigo.s
ty"
Package: fp-trigo 1995/04/14
)
("C:/Users/Henri De Plaen/AppData/Local/Programs/MiKTeX/tex/latex/fp/fp-pas.sty
"
Package: fp-pas 1994/08/29
)
("C:/Users/Henri De Plaen/AppData/Local/Programs/MiKTeX/tex/latex/fp/fp-random.
sty"
Package: fp-random 1995/02/23
\FPseed=\count293
)
("C:/Users/Henri De Plaen/AppData/Local/Programs/MiKTeX/tex/latex/fp/fp-eqn.sty
"
Package: fp-eqn 1995/04/03
)
("C:/Users/Henri De Plaen/AppData/Local/Programs/MiKTeX/tex/latex/fp/fp-upn.sty
"
Package: fp-upn 1996/10/21
)
("C:/Users/Henri De Plaen/AppData/Local/Programs/MiKTeX/tex/latex/fp/fp-eval.st
y"
Package: fp-eval 1995/04/03
)))
\@dtl@toks=\toks27
\@dtl@tmpcount=\count294
\dtl@tmplength=\skip70
\dtl@sortresult=\count295
\@dtl@numgrpsepcount=\count296
\@dtl@datatype=\count297
\dtl@codeA=\count298
\dtl@codeB=\count299
\@dtl@foreach@level=\count300
)
\dtlcolumnnum=\count301
\dtlrownum=\count302
\@dtl@before=\toks28
\@dtl@after=\toks29
\@dtl@colhead=\toks30
\dtlcurrentrow=\toks31
\dtlbeforerow=\toks32
\dtlafterrow=\toks33
\dtlforeachlevel=\count303
\c@DTLrowi=\count304
\c@DTLrowii=\count305
\c@DTLrowiii=\count306
\c@DTLrow=\count307
\dtl@rowi=\count308
\dtl@rowii=\count309
\dtl@rowiii=\count310
\@dtl@curi=\toks34
\@dtl@previ=\toks35
\@dtl@nexti=\toks36
\@dtl@curii=\toks37
\@dtl@previi=\toks38
\@dtl@nextii=\toks39
\@dtl@curiii=\toks40
\@dtl@previii=\toks41
\@dtl@nextiii=\toks42
\@dtl@elements=\count311
\@dtl@list=\toks43
\@dtl@rowa=\toks44
\@dtl@rowb=\toks45
\@dtl@toksA=\toks46
\@dtl@toksB=\toks47
\@dtl@write=\write3
\@dtl@read=\read2
\dtl@entrycr=\count312
\dtl@omitlines=\count313
)
\dtldb@supervisor=\toks48
\dtlkeys@supervisor=\toks49
\dtlrows@supervisor=\count314
\dtlcols@supervisor=\count315
\dtldb@president=\toks50
\dtlkeys@president=\toks51
\dtlrows@president=\count316
\dtlcols@president=\count317
\dtldb@jury=\toks52
\dtlkeys@jury=\toks53
\dtlrows@jury=\count318
\dtlcols@jury=\count319
\dtldb@externaljury=\toks54
\dtlkeys@externaljury=\toks55
\dtlrows@externaljury=\count320
\dtlcols@externaljury=\count321

("C:/Users/Henri De Plaen/AppData/Local/Programs/MiKTeX/tex/latex/listings/list
ings.sty"
\lst@mode=\count322
\lst@gtempboxa=\box56
\lst@token=\toks56
\lst@length=\count323
\lst@currlwidth=\dimen152
\lst@column=\count324
\lst@pos=\count325
\lst@lostspace=\dimen153
\lst@width=\dimen154
\lst@newlines=\count326
\lst@lineno=\count327
\lst@maxwidth=\dimen155

("C:/Users/Henri De Plaen/AppData/Local/Programs/MiKTeX/tex/latex/listings/lstp
atch.sty"
File: lstpatch.sty 2024/05/25 1.10b (Carsten Heinz)
)
("C:/Users/Henri De Plaen/AppData/Local/Programs/MiKTeX/tex/latex/listings/lstm
isc.sty"
File: lstmisc.sty 2024/05/25 1.10b (Carsten Heinz)
\c@lstnumber=\count328
\lst@skipnumbers=\count329
\lst@framebox=\box57
)
("C:/Users/Henri De Plaen/AppData/Local/Programs/MiKTeX/tex/latex/listings/list
ings.cfg"
File: listings.cfg 2024/05/25 1.10b listings configuration
))
Package: listings 2024/05/25 1.10b (Carsten Heinz)

("C:/Users/Henri De Plaen/AppData/Local/Programs/MiKTeX/tex/latex/framed/framed
.sty"
Package: framed 2011/10/22 v 0.96: framed or shaded text with page breaks
\OuterFrameSep=\skip71
\fb@frw=\dimen156
\fb@frh=\dimen157
\FrameRule=\dimen158
\FrameSep=\dimen159
)
("C:/Users/Henri De Plaen/AppData/Local/Programs/MiKTeX/tex/latex/setspace/sets
pace.sty"
Package: setspace 2022/12/04 v6.7b set line spacing
)
("C:/Users/Henri De Plaen/AppData/Local/Programs/MiKTeX/tex/latex/hyperref/hype
rref.sty"
Package: hyperref 2024-07-10 v7.01j Hypertext links for LaTeX

("C:/Users/Henri De Plaen/AppData/Local/Programs/MiKTeX/tex/generic/kvdefinekey
s/kvdefinekeys.sty"
Package: kvdefinekeys 2019-12-19 v1.6 Define keys (HO)
)
("C:/Users/Henri De Plaen/AppData/Local/Programs/MiKTeX/tex/generic/pdfescape/p
dfescape.sty"
Package: pdfescape 2019/12/09 v1.15 Implements pdfTeX's escape features (HO)

("C:/Users/Henri De Plaen/AppData/Local/Programs/MiKTeX/tex/generic/pdftexcmds/
pdftexcmds.sty"
Package: pdftexcmds 2020-06-27 v0.33 Utility functions of pdfTeX for LuaTeX (HO
)

("C:/Users/Henri De Plaen/AppData/Local/Programs/MiKTeX/tex/generic/infwarerr/i
nfwarerr.sty"
Package: infwarerr 2019/12/03 v1.5 Providing info/warning/error messages (HO)
)
Package pdftexcmds Info: \pdf@primitive is available.
Package pdftexcmds Info: \pdf@ifprimitive is available.
Package pdftexcmds Info: \pdfdraftmode found.
\pdftexcmds@toks=\toks57
))
("C:/Users/Henri De Plaen/AppData/Local/Programs/MiKTeX/tex/latex/hycolor/hycol
or.sty"
Package: hycolor 2020-01-27 v1.10 Color options for hyperref/bookmark (HO)
)
("C:/Users/Henri De Plaen/AppData/Local/Programs/MiKTeX/tex/latex/hyperref/name
ref.sty"
Package: nameref 2023-11-26 v2.56 Cross-referencing by name of section

("C:/Users/Henri De Plaen/AppData/Local/Programs/MiKTeX/tex/latex/refcount/refc
ount.sty"
Package: refcount 2019/12/15 v3.6 Data extraction from label references (HO)
)
("C:/Users/Henri De Plaen/AppData/Local/Programs/MiKTeX/tex/generic/gettitlestr
ing/gettitlestring.sty"
Package: gettitlestring 2019/12/15 v1.6 Cleanup title references (HO)
)
\c@section@level=\count330
)
("C:/Users/Henri De Plaen/AppData/Local/Programs/MiKTeX/tex/generic/stringenc/s
tringenc.sty"
Package: stringenc 2019/11/29 v1.12 Convert strings between diff. encodings (HO
)
)
\@linkdim=\dimen160
\Hy@linkcounter=\count331
\Hy@pagecounter=\count332

("C:/Users/Henri De Plaen/AppData/Local/Programs/MiKTeX/tex/latex/hyperref/pd1e
nc.def"
File: pd1enc.def 2024-07-10 v7.01j Hyperref: PDFDocEncoding definition (HO)
)
("C:/Users/Henri De Plaen/AppData/Local/Programs/MiKTeX/tex/generic/intcalc/int
calc.sty"
Package: intcalc 2019/12/15 v1.3 Expandable calculations with integers (HO)
)
\Hy@SavedSpaceFactor=\count333

("C:/Users/Henri De Plaen/AppData/Local/Programs/MiKTeX/tex/latex/hyperref/puen
c.def"
File: puenc.def 2024-07-10 v7.01j Hyperref: PDF Unicode definition (HO)
)
Package hyperref Info: Option `plainpages' set `false' on input line 4040.
Package hyperref Info: Option `pdfpagelabels' set `true' on input line 4040.
Package hyperref Info: Option `bookmarks' set `true' on input line 4040.
Package hyperref Info: Option `breaklinks' set `true' on input line 4040.
Package hyperref Info: Option `colorlinks' set `false' on input line 4040.
Package hyperref Info: Hyper figures OFF on input line 4157.
Package hyperref Info: Link nesting OFF on input line 4162.
Package hyperref Info: Hyper index ON on input line 4165.
Package hyperref Info: Plain pages OFF on input line 4172.
Package hyperref Info: Backreferencing OFF on input line 4177.
Package hyperref Info: Implicit mode ON; LaTeX internals redefined.
Package hyperref Info: Bookmarks ON on input line 4424.
\c@Hy@tempcnt=\count334

("C:/Users/Henri De Plaen/AppData/Local/Programs/MiKTeX/tex/latex/url/url.sty"
\Urlmuskip=\muskip18
Package: url 2013/09/16  ver 3.4  Verb mode for urls, etc.
)
LaTeX Info: Redefining \url on input line 4763.
\XeTeXLinkMargin=\dimen161

("C:/Users/Henri De Plaen/AppData/Local/Programs/MiKTeX/tex/generic/bitset/bits
et.sty"
Package: bitset 2019/12/09 v1.3 Handle bit-vector datatype (HO)

("C:/Users/Henri De Plaen/AppData/Local/Programs/MiKTeX/tex/generic/bigintcalc/
bigintcalc.sty"
Package: bigintcalc 2019/12/15 v1.5 Expandable calculations on big integers (HO
)
))
\Fld@menulength=\count335
\Field@Width=\dimen162
\Fld@charsize=\dimen163
Package hyperref Info: Hyper figures OFF on input line 6042.
Package hyperref Info: Link nesting OFF on input line 6047.
Package hyperref Info: Hyper index ON on input line 6050.
Package hyperref Info: backreferencing OFF on input line 6057.
Package hyperref Info: Link coloring OFF on input line 6062.
Package hyperref Info: Link coloring with OCG OFF on input line 6067.
Package hyperref Info: PDF/A mode OFF on input line 6072.

("C:/Users/Henri De Plaen/AppData/Local/Programs/MiKTeX/tex/latex/base/atbegshi
-ltx.sty"
Package: atbegshi-ltx 2021/01/10 v1.0c Emulation of the original atbegshi
package with kernel methods
)
\Hy@abspage=\count336
\c@Item=\count337
\c@Hfootnote=\count338
)
Package hyperref Info: Driver (autodetected): hluatex.

("C:/Users/Henri De Plaen/AppData/Local/Programs/MiKTeX/tex/latex/hyperref/hlua
tex.def"
File: hluatex.def 2024-07-10 v7.01j Hyperref driver for luaTeX

("C:/Users/Henri De Plaen/AppData/Local/Programs/MiKTeX/tex/latex/base/atveryen
d-ltx.sty"
Package: atveryend-ltx 2020/08/19 v1.0a Emulation of the original atveryend pac
kage
with kernel methods
)
\Fld@listcount=\count339
\c@bookmark@seq@number=\count340

("C:/Users/Henri De Plaen/AppData/Local/Programs/MiKTeX/tex/latex/rerunfilechec
k/rerunfilecheck.sty"
Package: rerunfilecheck 2022-07-10 v1.10 Rerun checks for auxiliary files (HO)

("C:/Users/Henri De Plaen/AppData/Local/Programs/MiKTeX/tex/generic/uniquecount
er/uniquecounter.sty"
Package: uniquecounter 2019/12/15 v1.4 Provide unlimited unique counter (HO)
)
Package uniquecounter Info: New unique counter `rerunfilecheck' on input line 2
85.
)
\Hy@SectionHShift=\skip72
)
("C:/Users/Henri De Plaen/AppData/Local/Programs/MiKTeX/tex/latex/geometry/geom
etry.sty"
Package: geometry 2020/01/02 v5.9 Page Geometry

("C:/Users/Henri De Plaen/AppData/Local/Programs/MiKTeX/tex/generic/iftex/ifvte
x.sty"
Package: ifvtex 2019/10/25 v1.7 ifvtex legacy package. Use iftex instead.
)
\Gm@cnth=\count341
\Gm@cntv=\count342
\c@Gm@tempcnt=\count343
\Gm@bindingoffset=\dimen164
\Gm@wd@mp=\dimen165
\Gm@odd@mp=\dimen166
\Gm@even@mp=\dimen167
\Gm@layoutwidth=\dimen168
\Gm@layoutheight=\dimen169
\Gm@layouthoffset=\dimen170
\Gm@layoutvoffset=\dimen171
\Gm@dimlist=\toks58

("C:/Users/Henri De Plaen/AppData/Local/Programs/MiKTeX/tex/latex/geometry/geom
etry.cfg"))
Using pdf
("C:/Users/Henri De Plaen/AppData/Local/Programs/MiKTeX/tex/latex/crop/crop.sty
"
Package: crop 2017/11/19 1.10 crop marks (mf)

("C:/Users/Henri De Plaen/AppData/Local/Programs/MiKTeX/tex/generic/iftex/iflua
tex.sty"
Package: ifluatex 2019/10/25 v1.5 ifluatex legacy package. Use iftex instead.
)
\CROP@index=\count344

("C:/Users/Henri De Plaen/AppData/Local/Programs/MiKTeX/tex/latex/graphics/grap
hics.sty"
Package: graphics 2024/05/23 v1.4g Standard LaTeX Graphics (DPC,SPQR)

("C:/Users/Henri De Plaen/AppData/Local/Programs/MiKTeX/tex/latex/graphics/trig
.sty"
Package: trig 2023/12/02 v1.11 sin cos tan (DPC)
)
("C:/Users/Henri De Plaen/AppData/Local/Programs/MiKTeX/tex/latex/graphics-cfg/
graphics.cfg"
File: graphics.cfg 2016/06/04 v1.11 sample graphics configuration
)
Package graphics Info: Driver file: luatex.def on input line 106.
)
\CROP@offset=\count345
Package crop Info: Local config file crop.cfg used on input line 622.

("C:/Users/Henri De Plaen/AppData/Local/Programs/MiKTeX/tex/xelatex/xetexconfig
/crop.cfg"))
("C:/Users/Henri De Plaen/AppData/Local/Programs/MiKTeX/tex/latex/graphics/grap
hicx.sty"
Package: graphicx 2021/09/16 v1.2d Enhanced LaTeX Graphics (DPC,SPQR)
\Gin@req@height=\dimen172
\Gin@req@width=\dimen173
)
("C:/Users/Henri De Plaen/AppData/Local/Programs/MiKTeX/tex/latex/textpos/textp
os.sty"
Package: textpos 2022/07/23 v1.10.1
Package textpos Info: choosing support for LaTeX3 on input line 60.
\TP@textbox=\box58
\TP@holdbox=\box59
\TPHorizModule=\dimen174
\TPVertModule=\dimen175
\TP@margin=\dimen176
\TP@absmargin=\dimen177

Grid set 16 x 16 = 28.45274pt x 42.67912pt
\TPboxrulesize=\dimen178
\TP@ox=\dimen179
\TP@oy=\dimen180
\TP@tbargs=\toks59
TextBlockOrigin set to 0pt x 0pt
)
("C:/Users/Henri De Plaen/AppData/Local/Programs/MiKTeX/tex/latex/placeins/plac
eins.sty"
Package: placeins 2005/04/18  v 2.2
)
("C:/Users/Henri De Plaen/AppData/Local/Programs/MiKTeX/tex/latex/microtype/mic
rotype.sty"
Package: microtype 2024/03/29 v3.1b Micro-typographical refinements (RS)
\MT@toks=\toks60
\MT@tempbox=\box60
\MT@count=\count346
LaTeX Info: Redefining \noprotrusionifhmode on input line 1061.
LaTeX Info: Redefining \leftprotrusion on input line 1062.
\MT@prot@toks=\toks61
LaTeX Info: Redefining \rightprotrusion on input line 1081.
LaTeX Info: Redefining \textls on input line 1392.
\MT@outer@kern=\dimen181
LaTeX Info: Redefining \textmicrotypecontext on input line 2013.
\MT@listname@count=\count347

("C:/Users/Henri De Plaen/AppData/Local/Programs/MiKTeX/tex/latex/microtype/mic
rotype-luatex.def"
File: microtype-luatex.def 2024/03/29 v3.1b Definitions specific to luatex (RS)

Lua module: microtype 2024/03/29 3.1b microtype module.
Module microtype Info: overwriting function `keepligature' on input line 63
LaTeX Info: Redefining \lsstyle on input line 693.
LaTeX Info: Redefining \lslig on input line 693.
\MT@outer@space=\skip73
)
Package microtype Info: Loading configuration file microtype.cfg.

("C:/Users/Henri De Plaen/AppData/Local/Programs/MiKTeX/tex/latex/microtype/mic
rotype.cfg"
File: microtype.cfg 2024/03/29 v3.1b microtype main configuration file (RS)
))
("C:/Users/Henri De Plaen/AppData/Local/Programs/MiKTeX/tex/latex/base/fontenc.
sty"
Package: fontenc 2021/04/29 v2.0v Standard LaTeX package
LaTeX Font Info:    Trying to load font information for T1+lmr on input line 11
6.

("C:/Users/Henri De Plaen/AppData/Local/Programs/MiKTeX/tex/latex/lm/t1lmr.fd"
File: t1lmr.fd 2015/05/01 v1.6.1 Font defs for Latin Modern
))
("C:/Users/Henri De Plaen/AppData/Local/Programs/MiKTeX/tex/latex/lm/lmodern.st
y"
Package: lmodern 2015/05/01 v1.6.1 Latin Modern Fonts
LaTeX Font Info:    Overwriting symbol font `operators' in version `normal'
(Font)                  OT1/cmr/m/n --> OT1/lmr/m/n on input line 22.
LaTeX Font Info:    Overwriting symbol font `letters' in version `normal'
(Font)                  OML/cmm/m/it --> OML/lmm/m/it on input line 23.
LaTeX Font Info:    Overwriting symbol font `symbols' in version `normal'
(Font)                  OMS/cmsy/m/n --> OMS/lmsy/m/n on input line 24.
LaTeX Font Info:    Overwriting symbol font `largesymbols' in version `normal'
(Font)                  OMX/cmex/m/n --> OMX/lmex/m/n on input line 25.
LaTeX Font Info:    Overwriting symbol font `operators' in version `bold'
(Font)                  OT1/cmr/bx/n --> OT1/lmr/bx/n on input line 26.
LaTeX Font Info:    Overwriting symbol font `letters' in version `bold'
(Font)                  OML/cmm/b/it --> OML/lmm/b/it on input line 27.
LaTeX Font Info:    Overwriting symbol font `symbols' in version `bold'
(Font)                  OMS/cmsy/b/n --> OMS/lmsy/b/n on input line 28.
LaTeX Font Info:    Overwriting symbol font `largesymbols' in version `bold'
(Font)                  OMX/cmex/m/n --> OMX/lmex/m/n on input line 29.
LaTeX Font Info:    Overwriting math alphabet `\mathbf' in version `normal'
(Font)                  OT1/cmr/bx/n --> OT1/lmr/bx/n on input line 31.
LaTeX Font Info:    Overwriting math alphabet `\mathsf' in version `normal'
(Font)                  OT1/cmss/m/n --> OT1/lmss/m/n on input line 32.
LaTeX Font Info:    Overwriting math alphabet `\mathit' in version `normal'
(Font)                  OT1/cmr/m/it --> OT1/lmr/m/it on input line 33.
LaTeX Font Info:    Overwriting math alphabet `\mathtt' in version `normal'
(Font)                  OT1/cmtt/m/n --> OT1/lmtt/m/n on input line 34.
LaTeX Font Info:    Overwriting math alphabet `\mathbf' in version `bold'
(Font)                  OT1/cmr/bx/n --> OT1/lmr/bx/n on input line 35.
LaTeX Font Info:    Overwriting math alphabet `\mathsf' in version `bold'
(Font)                  OT1/cmss/bx/n --> OT1/lmss/bx/n on input line 36.
LaTeX Font Info:    Overwriting math alphabet `\mathit' in version `bold'
(Font)                  OT1/cmr/bx/it --> OT1/lmr/bx/it on input line 37.
LaTeX Font Info:    Overwriting math alphabet `\mathtt' in version `bold'
(Font)                  OT1/cmtt/m/n --> OT1/lmtt/m/n on input line 38.
)
("C:/Users/Henri De Plaen/AppData/Local/Programs/MiKTeX/tex/latex/tocloft/toclo
ft.sty"
Package: tocloft 2017/08/31 v2.3i parameterised ToC, etc., typesetting
Package tocloft Info: The document has chapter divisions on input line 51.
\cftparskip=\skip74
\cftbeforetoctitleskip=\skip75
\cftaftertoctitleskip=\skip76
\cftbeforepartskip=\skip77
\cftpartnumwidth=\skip78
\cftpartindent=\skip79
\cftbeforechapskip=\skip80
\cftchapindent=\skip81
\cftchapnumwidth=\skip82
\cftbeforesecskip=\skip83
\cftsecindent=\skip84
\cftsecnumwidth=\skip85
\cftbeforesubsecskip=\skip86
\cftsubsecindent=\skip87
\cftsubsecnumwidth=\skip88
\cftbeforesubsubsecskip=\skip89
\cftsubsubsecindent=\skip90
\cftsubsubsecnumwidth=\skip91
\cftbeforeparaskip=\skip92
\cftparaindent=\skip93
\cftparanumwidth=\skip94
\cftbeforesubparaskip=\skip95
\cftsubparaindent=\skip96
\cftsubparanumwidth=\skip97
\cftbeforeloftitleskip=\skip98
\cftafterloftitleskip=\skip99
\cftbeforefigskip=\skip100
\cftfigindent=\skip101
\cftfignumwidth=\skip102
\c@lofdepth=\count348
\c@lotdepth=\count349
\cftbeforelottitleskip=\skip103
\cftafterlottitleskip=\skip104
\cftbeforetabskip=\skip105
\cfttabindent=\skip106
\cfttabnumwidth=\skip107
)
("C:/Users/Henri De Plaen/AppData/Local/Programs/MiKTeX/tex/latex/fancyhdr/fanc
yhdr.sty"
Package: fancyhdr 2024/07/23 v4.3.1 Extensive control of page headers and foote
rs
\f@nch@headwidth=\skip108
\f@nch@O@elh=\skip109
\f@nch@O@erh=\skip110
\f@nch@O@olh=\skip111
\f@nch@O@orh=\skip112
\f@nch@O@elf=\skip113
\f@nch@O@erf=\skip114
\f@nch@O@olf=\skip115
\f@nch@O@orf=\skip116
)
("C:/Users/Henri De Plaen/AppData/Local/Programs/MiKTeX/tex/generic/babel/babel
.sty"
Package: babel 2024/06/26 v24.7 The Babel package

("C:/Users/Henri De Plaen/AppData/Local/Programs/MiKTeX/tex/generic/babel/luaba
bel.def"
\bbl@readstream=\read3
\l@afrikaans=\language2
Package babel Info: Non-standard hyphenation setup on input line 118.
\l@ancientgreek=\language3
\l@armenian=\language4
\l@assamese=\language5
\l@basque=\language6
\l@belarusian=\language7
\l@bengali=\language8
\l@bokmal=\language9
\l@bulgarian=\language10
\l@catalan=\language11
\l@churchslavonic=\language12
\l@classiclatin=\language13
\l@coptic=\language14
\l@croatian=\language15
\l@czech=\language16
\l@danish=\language17
\l@dutch=\language18
\l@esperanto=\language19
\l@estonian=\language20
\l@ethiopic=\language21
\l@finnish=\language22
\l@french=\language23
\l@friulan=\language24
\l@galician=\language25
\l@georgian=\language26
\l@german=\language27
\l@greek=\language28
\l@gujarati=\language29
\l@hindi=\language30
\l@hungarian=\language31
\l@icelandic=\language32
\l@indonesian=\language33
\l@interlingua=\language34
\l@irish=\language35
\l@italian=\language36
\l@kannada=\language37
\l@kurmanji=\language38
\l@latin=\language39
\l@latvian=\language40
\l@lithuanian=\language41
\l@liturgicallatin=\language42
\l@macedonian=\language43
\l@malayalam=\language44
\l@marathi=\language45
\l@mongolian=\language46
\l@mongolianlmc=\language47
\l@monogreek=\language48
\l@ngerman=\language49
\l@nynorsk=\language50
\l@occitan=\language51
\l@oriya=\language52
\l@pali=\language53
\l@panjabi=\language54
\l@piedmontese=\language55
\l@polish=\language56
\l@portuguese=\language57
\l@romanian=\language58
\l@romansh=\language59
\l@russian=\language60
\l@sanskrit=\language61
\l@serbian=\language62
\l@serbianc=\language63
\l@slovak=\language64
\l@slovenian=\language65
\l@spanish=\language66
\l@swedish=\language67
\l@swissgerman=\language68
\l@tamil=\language69
\l@telugu=\language70
\l@thai=\language71
\l@turkish=\language72
\l@turkmen=\language73
\l@ukenglish=\language74
\l@ukrainian=\language75
\l@uppersorbian=\language76
\l@usenglishmax=\language77
\l@welsh=\language78
\babelcatcodetablenum=\catcodetable14
\bbl@pattcodes=\catcodetable15
)
\babel@savecnt=\count350
\U@D=\dimen182
\l@unhyphenated=\language79

("C:/Users/Henri De Plaen/AppData/Local/Programs/MiKTeX/tex/generic/babel/luaba
bel.def"
\bbl@attr@locale=\attribute4
)
*************************************
* Local config file bblopts.cfg used
*

("C:/Users/Henri De Plaen/AppData/Local/Programs/MiKTeX/tex/latex/arabi/bblopts
.cfg"
File: bblopts.cfg 2005/09/08 v0.1 add Arabic and Farsi to "declared" options of
 babel
)
("C:/Users/Henri De Plaen/AppData/Local/Programs/MiKTeX/tex/latex/babel-dutch/d
utch.ldf"
Language: dutch 2021/08/29 v3.8l Dutch support from the babel system
Package babel Info: Making " an active character on input line 127.

("C:/Users/Henri De Plaen/AppData/Local/Programs/MiKTeX/tex/generic/hyph-utf8/l
oadhyph/loadhyph-nl.tex" UTF-8 Dutch hyphenation patterns
("C:/Users/Henri De Plaen/AppData/Local/Programs/MiKTeX/tex/generic/hyph-utf8/p
atterns/tex/hyph-nl.tex")))
("C:/Users/Henri De Plaen/AppData/Local/Programs/MiKTeX/tex/latex/babel-english
/english.ldf"
Language: english 2017/06/06 v3.3r English support from the babel system
Package babel Info: Hyphen rules for 'canadian' set to \l@english
(babel)             (\language0). Reported on input line 102.
Package babel Info: Hyphen rules for 'australian' set to \l@ukenglish
(babel)             (\language74). Reported on input line 105.
Package babel Info: Hyphen rules for 'newzealand' set to \l@ukenglish
(babel)             (\language74). Reported on input line 108.
))
("C:/Users/Henri De Plaen/AppData/Local/Programs/MiKTeX/tex/generic/babel/local
e/en/babel-english.tex"
Package babel Info: Importing font and identification data for english
(babel)             from babel-en.ini. Reported on input line 11.
)
("C:/Users/Henri De Plaen/AppData/Local/Programs/MiKTeX/tex/generic/babel/local
e/nl/babel-dutch.tex"
Package babel Info: Importing font and identification data for dutch
(babel)             from babel-nl.ini. Reported on input line 11.
)
("C:/Users/Henri De Plaen/AppData/Local/Programs/MiKTeX/tex/latex/tools/calc.st
y"
Package: calc 2023/07/08 v4.3 Infix arithmetic (KKT,FJ)
\calc@Acount=\count351
\calc@Bcount=\count352
\calc@Adimen=\dimen183
\calc@Bdimen=\dimen184
\calc@Askip=\skip117
\calc@Bskip=\skip118
LaTeX Info: Redefining \setlength on input line 80.
LaTeX Info: Redefining \addtolength on input line 81.
\calc@Ccount=\count353
\calc@Cskip=\skip119
)
("C:/Users/Henri De Plaen/AppData/Local/Programs/MiKTeX/tex/latex/graphics/rota
ting.sty"
Package: rotating 2016/08/11 v2.16d rotated objects in LaTeX
\c@r@tfl@t=\count354
\rotFPtop=\skip120
\rotFPbot=\skip121
\rot@float@box=\box61
\rot@mess@toks=\toks62
)
("C:/Users/Henri De Plaen/AppData/Local/Programs/MiKTeX/tex/latex/psnfss/helvet
.sty"
Package: helvet 2020/03/25 PSNFSS-v9.3 (WaS) 
)
\@chaptitlemoveup=\skip122
\defaultspinetitlewidth=\skip123
\spinetitlewidth=\skip124

adsphd.cls: Using custom cover page (mycoverpage.tex)
(./mycoverpage.tex)) (./config/preamble.tex
("C:/Users/Henri De Plaen/AppData/Local/Programs/MiKTeX/tex/latex/csquotes/csqu
otes.sty"
Package: csquotes 2024-04-04 v5.2o context-sensitive quotations (JAW)
\csq@reset=\count355
\csq@gtype=\count356
\csq@glevel=\count357
\csq@qlevel=\count358
\csq@maxlvl=\count359
\csq@tshold=\count360
\csq@ltx@everypar=\toks63

("C:/Users/Henri De Plaen/AppData/Local/Programs/MiKTeX/tex/latex/csquotes/csqu
otes.def"
File: csquotes.def 2024-04-04 v5.2o csquotes generic definitions (JAW)
)
Package csquotes Info: Trying to load configuration file 'csquotes.cfg'...
Package csquotes Info: ... configuration file loaded successfully.

("C:/Users/Henri De Plaen/AppData/Local/Programs/MiKTeX/tex/latex/csquotes/csqu
otes.cfg"
File: csquotes.cfg 
))
("C:/Users/Henri De Plaen/AppData/Local/Programs/MiKTeX/tex/latex/biblatex/bibl
atex.sty"
Package: biblatex 2024/03/21 v3.20 programmable bibliographies (PK/MW)

("C:/Users/Henri De Plaen/AppData/Local/Programs/MiKTeX/tex/latex/logreq/logreq
.sty"
Package: logreq 2010/08/04 v1.0 xml request logger
\lrq@indent=\count361

("C:/Users/Henri De Plaen/AppData/Local/Programs/MiKTeX/tex/latex/logreq/logreq
.def"
File: logreq.def 2010/08/04 v1.0 logreq spec v1.0
))
\c@tabx@nest=\count362
\c@listtotal=\count363
\c@listcount=\count364
\c@liststart=\count365
\c@liststop=\count366
\c@citecount=\count367
\c@citetotal=\count368
\c@multicitecount=\count369
\c@multicitetotal=\count370
\c@instcount=\count371
\c@maxnames=\count372
\c@minnames=\count373
\c@maxitems=\count374
\c@minitems=\count375
\c@citecounter=\count376
\c@maxcitecounter=\count377
\c@savedcitecounter=\count378
\c@uniquelist=\count379
\c@uniquename=\count380
\c@refsection=\count381
\c@refsegment=\count382
\c@maxextratitle=\count383
\c@maxextratitleyear=\count384
\c@maxextraname=\count385
\c@maxextradate=\count386
\c@maxextraalpha=\count387
\c@abbrvpenalty=\count388
\c@highnamepenalty=\count389
\c@lownamepenalty=\count390
\c@maxparens=\count391
\c@parenlevel=\count392
\blx@tempcnta=\count393
\blx@tempcntb=\count394
\blx@tempcntc=\count395
\c@blx@maxsection=\count396
\blx@maxsegment@0=\count397
\blx@notetype=\count398
\blx@parenlevel@text=\count399
\blx@parenlevel@foot=\count400
\blx@sectionciteorder@0=\count401
\blx@sectionciteorderinternal@0=\count402
\blx@entrysetcounter=\count403
\blx@biblioinstance=\count404
\labelnumberwidth=\skip125
\labelalphawidth=\skip126
\biblabelsep=\skip127
\bibitemsep=\skip128
\bibnamesep=\skip129
\bibinitsep=\skip130
\bibparsep=\skip131
\bibhang=\skip132
\blx@bcfin=\read4
\blx@bcfout=\write4
\blx@langwohyphens=\language80
\c@mincomprange=\count405
\c@maxcomprange=\count406
\c@mincompwidth=\count407
Package biblatex Info: Trying to load biblatex default data model...
Package biblatex Info: ... file 'blx-dm.def' found.

("C:/Users/Henri De Plaen/AppData/Local/Programs/MiKTeX/tex/latex/biblatex/blx-
dm.def"
File: blx-dm.def 2024/03/21 v3.20 biblatex datamodel (PK/MW)
)
Package biblatex Info: Trying to load biblatex style data model...
Package biblatex Info: ... file 'ieee.dbx' not found.
Package biblatex Info: Trying to load biblatex custom data model...
Package biblatex Info: ... file 'biblatex-dm.cfg' not found.
\c@afterword=\count408
\c@savedafterword=\count409
\c@annotator=\count410
\c@savedannotator=\count411
\c@author=\count412
\c@savedauthor=\count413
\c@bookauthor=\count414
\c@savedbookauthor=\count415
\c@commentator=\count416
\c@savedcommentator=\count417
\c@editor=\count418
\c@savededitor=\count419
\c@editora=\count420
\c@savededitora=\count421
\c@editorb=\count422
\c@savededitorb=\count423
\c@editorc=\count424
\c@savededitorc=\count425
\c@foreword=\count426
\c@savedforeword=\count427
\c@holder=\count428
\c@savedholder=\count429
\c@introduction=\count430
\c@savedintroduction=\count431
\c@namea=\count432
\c@savednamea=\count433
\c@nameb=\count434
\c@savednameb=\count435
\c@namec=\count436
\c@savednamec=\count437
\c@translator=\count438
\c@savedtranslator=\count439
\c@shortauthor=\count440
\c@savedshortauthor=\count441
\c@shorteditor=\count442
\c@savedshorteditor=\count443
\c@labelname=\count444
\c@savedlabelname=\count445
\c@institution=\count446
\c@savedinstitution=\count447
\c@lista=\count448
\c@savedlista=\count449
\c@listb=\count450
\c@savedlistb=\count451
\c@listc=\count452
\c@savedlistc=\count453
\c@listd=\count454
\c@savedlistd=\count455
\c@liste=\count456
\c@savedliste=\count457
\c@listf=\count458
\c@savedlistf=\count459
\c@location=\count460
\c@savedlocation=\count461
\c@organization=\count462
\c@savedorganization=\count463
\c@origlocation=\count464
\c@savedoriglocation=\count465
\c@origpublisher=\count466
\c@savedorigpublisher=\count467
\c@publisher=\count468
\c@savedpublisher=\count469
\c@language=\count470
\c@savedlanguage=\count471
\c@origlanguage=\count472
\c@savedoriglanguage=\count473
\c@pageref=\count474
\c@savedpageref=\count475
\shorthandwidth=\skip133
\shortjournalwidth=\skip134
\shortserieswidth=\skip135
\shorttitlewidth=\skip136
\shortauthorwidth=\skip137
\shorteditorwidth=\skip138
\locallabelnumberwidth=\skip139
\locallabelalphawidth=\skip140
\localshorthandwidth=\skip141
\localshortjournalwidth=\skip142
\localshortserieswidth=\skip143
\localshorttitlewidth=\skip144
\localshortauthorwidth=\skip145
\localshorteditorwidth=\skip146
Package biblatex Info: Trying to load enhanced support for Unicode engines...
Package biblatex Info: ... file 'blx-unicode.def' found.

("C:/Users/Henri De Plaen/AppData/Local/Programs/MiKTeX/tex/latex/biblatex/blx-
unicode.def")
Package biblatex Info: Trying to load compatibility code...
Package biblatex Info: ... file 'blx-compat.def' found.

("C:/Users/Henri De Plaen/AppData/Local/Programs/MiKTeX/tex/latex/biblatex/blx-
compat.def"
File: blx-compat.def 2024/03/21 v3.20 biblatex compatibility (PK/MW)
)
Package biblatex Info: Trying to load generic definitions...
Package biblatex Info: ... file 'biblatex.def' found.

("C:/Users/Henri De Plaen/AppData/Local/Programs/MiKTeX/tex/latex/biblatex/bibl
atex.def"
File: biblatex.def 2024/03/21 v3.20 biblatex compatibility (PK/MW)
\c@textcitecount=\count476
\c@textcitetotal=\count477
\c@textcitemaxnames=\count478
\c@biburlbigbreakpenalty=\count479
\c@biburlbreakpenalty=\count480
\c@biburlnumpenalty=\count481
\c@biburlucpenalty=\count482
\c@biburllcpenalty=\count483
\biburlbigskip=\muskip19
\biburlnumskip=\muskip20
\biburlucskip=\muskip21
\biburllcskip=\muskip22
\c@smartand=\count484
)
Package biblatex Info: Trying to load bibliography style 'ieee'...
Package biblatex Info: ... file 'ieee.bbx' found.

("C:/Users/Henri De Plaen/AppData/Local/Programs/MiKTeX/tex/latex/biblatex-ieee
/ieee.bbx"
File: ieee.bbx 2021/12/06 v1.3f biblatex bibliography style
Package biblatex Info: Trying to load bibliography style 'numeric-comp'...
Package biblatex Info: ... file 'numeric-comp.bbx' found.

("C:/Users/Henri De Plaen/AppData/Local/Programs/MiKTeX/tex/latex/biblatex/bbx/
numeric-comp.bbx"
File: numeric-comp.bbx 2024/03/21 v3.20 biblatex bibliography style (PK/MW)
Package biblatex Info: Trying to load bibliography style 'numeric'...
Package biblatex Info: ... file 'numeric.bbx' found.

("C:/Users/Henri De Plaen/AppData/Local/Programs/MiKTeX/tex/latex/biblatex/bbx/
numeric.bbx"
File: numeric.bbx 2024/03/21 v3.20 biblatex bibliography style (PK/MW)
Package biblatex Info: Trying to load bibliography style 'standard'...
Package biblatex Info: ... file 'standard.bbx' found.

("C:/Users/Henri De Plaen/AppData/Local/Programs/MiKTeX/tex/latex/biblatex/bbx/
standard.bbx"
File: standard.bbx 2024/03/21 v3.20 biblatex bibliography style (PK/MW)
\c@bbx:relatedcount=\count485
\c@bbx:relatedtotal=\count486
))))
Package biblatex Info: Trying to load citation style 'ieee'...
Package biblatex Info: ... file 'ieee.cbx' found.

("C:/Users/Henri De Plaen/AppData/Local/Programs/MiKTeX/tex/latex/biblatex-ieee
/ieee.cbx"
File: ieee.cbx 2021/12/06 v1.3f biblatex citation style
Package biblatex Info: Trying to load citation style 'numeric-comp'...
Package biblatex Info: ... file 'numeric-comp.cbx' found.

("C:/Users/Henri De Plaen/AppData/Local/Programs/MiKTeX/tex/latex/biblatex/cbx/
numeric-comp.cbx"
File: numeric-comp.cbx 2024/03/21 v3.20 biblatex citation style (PK/MW)
\c@cbx@tempcnta=\count487
\c@cbx@tempcntb=\count488
\c@cbx@tempcntc=\count489
\c@cbx@tempcntd=\count490
Package biblatex Info: Redefining '\cite'.
Package biblatex Info: Redefining '\parencite'.
Package biblatex Info: Redefining '\footcite'.
Package biblatex Info: Redefining '\footcitetext'.
Package biblatex Info: Redefining '\smartcite'.
Package biblatex Info: Redefining '\supercite'.
Package biblatex Info: Redefining '\textcite'.
Package biblatex Info: Redefining '\textcites'.
Package biblatex Info: Redefining '\cites'.
Package biblatex Info: Redefining '\parencites'.
Package biblatex Info: Redefining '\smartcites'.
)
Package biblatex Info: Redefining '\cite'.
Package biblatex Info: Redefining '\supercite'.
Package biblatex Info: Redefining '\cites'.
)
Package biblatex Info: Trying to load configuration file...
Package biblatex Info: ... file 'biblatex.cfg' found.
 (./biblatex.cfg
File: biblatex.cfg 
)
Package biblatex Info: LuaTeX detected.
(biblatex)             Assuming input encoding 'utf8'.
Package biblatex Info: Document encoding is UTF8 ....

("C:/Users/Henri De Plaen/AppData/Local/Programs/MiKTeX/tex/latex/l3kernel/expl
3.sty"
Package: expl3 2024-05-27 L3 programming layer (loader) 

("C:/Users/Henri De Plaen/AppData/Local/Programs/MiKTeX/tex/latex/l3backend/l3b
ackend-luatex.def"
File: l3backend-luatex.def 2024-05-08 L3 backend support: PDF output (LuaTeX)
\l__color_backend_stack_int=\count491
Inserting `l3color' in `luaotfload.parse_color'.
\l__pdf_internal_box=\box62
))
Package biblatex Info: ... and expl3
(biblatex)             2024-05-27 L3 programming layer (loader) 
(biblatex)             is new enough (at least 2020/04/06),
(biblatex)             setting 'casechanger=expl3'.

("C:/Users/Henri De Plaen/AppData/Local/Programs/MiKTeX/tex/latex/biblatex/blx-
case-expl3.sty"
("C:/Users/Henri De Plaen/AppData/Local/Programs/MiKTeX/tex/latex/l3packages/xp
arse/xparse.sty"
Package: xparse 2024-05-08 L3 Experimental document command parser
)
Package: blx-case-expl3 2024/03/21 v3.20 expl3 case changing code for biblatex
))
("C:/Users/Henri De Plaen/AppData/Local/Programs/MiKTeX/tex/latex/amsfonts/amss
ymb.sty"
Package: amssymb 2013/01/14 v3.01 AMS font symbols

("C:/Users/Henri De Plaen/AppData/Local/Programs/MiKTeX/tex/latex/amsfonts/amsf
onts.sty"
Package: amsfonts 2013/01/14 v3.01 Basic AMSFonts support
\symAMSa=\mathgroup4
\symAMSb=\mathgroup5
LaTeX Font Info:    Redeclaring math symbol \hbar on input line 98.
LaTeX Font Info:    Overwriting math alphabet `\mathfrak' in version `bold'
(Font)                  U/euf/m/n --> U/euf/b/n on input line 106.
))
("C:/Users/Henri De Plaen/AppData/Local/Programs/MiKTeX/tex/latex/jknappen/math
rsfs.sty"
Package: mathrsfs 1996/01/01 Math RSFS package v1.0 (jk)
\symrsfs=\mathgroup6
)
("C:/Users/Henri De Plaen/AppData/Local/Programs/MiKTeX/tex/latex/lipsum/lipsum
.sty"
("C:/Users/Henri De Plaen/AppData/Local/Programs/MiKTeX/tex/latex/l3packages/l3
keys2e/l3keys2e.sty"
Package: l3keys2e 2024-05-08 LaTeX2e option processing using LaTeX3 keys
)
Package: lipsum 2021-09-20 v2.7 150 paragraphs of Lorem Ipsum dummy text
\g__lipsum_par_int=\count492
\l__lipsum_a_int=\count493
\l__lipsum_b_int=\count494

("C:/Users/Henri De Plaen/AppData/Local/Programs/MiKTeX/tex/latex/lipsum/lipsum
.ltd.tex")) (./config/fonts.tex
("C:/Users/Henri De Plaen/AppData/Local/Programs/MiKTeX/tex/latex/fontspec/font
spec.sty"
Package: fontspec 2024/05/11 v2.9e Font selection for XeLaTeX and LuaLaTeX
Lua module: fontspec 2024/05/11 2.9e Font selection for XeLaTeX and LuaLaTeX
("C:/Users/Henri De Plaen/AppData/Local/Programs/MiKTeX/tex/latex/fontspec/font
spec-luatex.sty"
Package: fontspec-luatex 2024/05/11 v2.9e Font selection for XeLaTeX and LuaLaT
eX
\l__fontspec_script_int=\count495
\l__fontspec_language_int=\count496
\l__fontspec_strnum_int=\count497
\l__fontspec_tmp_int=\count498
\l__fontspec_tmpa_int=\count499
\l__fontspec_tmpb_int=\count500
\l__fontspec_tmpc_int=\count501
\l__fontspec_em_int=\count502
\l__fontspec_emdef_int=\count503
\l__fontspec_strong_int=\count504
\l__fontspec_strongdef_int=\count505
\l__fontspec_tmpa_dim=\dimen185
\l__fontspec_tmpb_dim=\dimen186
\l__fontspec_tmpc_dim=\dimen187

("C:/Users/Henri De Plaen/AppData/Local/Programs/MiKTeX/tex/latex/base/fontenc.
sty"
Package: fontenc 2021/04/29 v2.0v Standard LaTeX package
)
("C:/Users/Henri De Plaen/AppData/Local/Programs/MiKTeX/tex/latex/fontspec/font
spec.cfg")))

Package fontspec Info: 
(fontspec)             Font family 'GARAMONDPREMRPRO(0)' created for font
(fontspec)             'GARAMONDPREMRPRO' with options [Ligatures=TeX,Path =
(fontspec)             ./fonts/garamond/,Extension = .otf,UprightFont =
(fontspec)             *,BoldFont = *-BD,ItalicFont = *-IT,BoldItalicFont =
(fontspec)             *-BDIT].
(fontspec)              
(fontspec)              This font family consists of the following NFSS
(fontspec)             series/shapes:
(fontspec)              
(fontspec)             - 'normal' (m/n) with NFSS spec.:
(fontspec)             <->"[./fonts/garamond/GARAMONDPREMRPRO.otf]:mode=node;sc
ript=latn;language=dflt;+tlig;"
(fontspec)             - 'small caps'  (m/sc) with NFSS spec.:
(fontspec)             <->"[./fonts/garamond/GARAMONDPREMRPRO.otf]:mode=node;sc
ript=latn;language=dflt;+tlig;+smcp;"
(fontspec)             - 'bold' (b/n) with NFSS spec.:
(fontspec)             <->"[./fonts/garamond/GARAMONDPREMRPRO-BD.otf]:mode=node
;script=latn;language=dflt;+tlig;"
(fontspec)             - 'bold small caps'  (b/sc) with NFSS spec.:
(fontspec)             <->"[./fonts/garamond/GARAMONDPREMRPRO-BD.otf]:mode=node
;script=latn;language=dflt;+tlig;+smcp;"
(fontspec)             - 'italic' (m/it) with NFSS spec.:
(fontspec)             <->"[./fonts/garamond/GARAMONDPREMRPRO-IT.otf]:mode=node
;script=latn;language=dflt;+tlig;"
(fontspec)             - 'italic small caps'  (m/scit) with NFSS spec.:
(fontspec)             <->"[./fonts/garamond/GARAMONDPREMRPRO-IT.otf]:mode=node
;script=latn;language=dflt;+tlig;+smcp;"
(fontspec)             - 'bold italic' (b/it) with NFSS spec.:
(fontspec)             <->"[./fonts/garamond/GARAMONDPREMRPRO-BDIT.otf]:mode=no
de;script=latn;language=dflt;+tlig;"
(fontspec)             - 'bold italic small caps'  (b/scit) with NFSS spec.:
(fontspec)             <->"[./fonts/garamond/GARAMONDPREMRPRO-BDIT.otf]:mode=no
de;script=latn;language=dflt;+tlig;+smcp;"


Package fontspec Info: 
(fontspec)             Font family 'GARAMONDPREMRPRO(1)' created for font
(fontspec)             'GARAMONDPREMRPRO' with options [Path =
(fontspec)             ./fonts/garamond/,Extension = .otf,UprightFont =
(fontspec)             *-CAPT,BoldFont = *-BDCAPT,ItalicFont =
(fontspec)             *-ITCAPT,BoldItalicFont = *-BDITCAPT].
(fontspec)              
(fontspec)              This font family consists of the following NFSS
(fontspec)             series/shapes:
(fontspec)              
(fontspec)             - 'normal' (m/n) with NFSS spec.:
(fontspec)             <->"[./fonts/garamond/GARAMONDPREMRPRO-CAPT.otf]:mode=no
de;script=latn;language=dflt;"
(fontspec)             - 'small caps'  (m/sc) with NFSS spec.:
(fontspec)             <->"[./fonts/garamond/GARAMONDPREMRPRO-CAPT.otf]:mode=no
de;script=latn;language=dflt;+smcp;"
(fontspec)             - 'bold' (b/n) with NFSS spec.:
(fontspec)             <->"[./fonts/garamond/GARAMONDPREMRPRO-BDCAPT.otf]:mode=
node;script=latn;language=dflt;"
(fontspec)             - 'bold small caps'  (b/sc) with NFSS spec.:
(fontspec)             <->"[./fonts/garamond/GARAMONDPREMRPRO-BDCAPT.otf]:mode=
node;script=latn;language=dflt;+smcp;"
(fontspec)             - 'italic' (m/it) with NFSS spec.:
(fontspec)             <->"[./fonts/garamond/GARAMONDPREMRPRO-ITCAPT.otf]:mode=
node;script=latn;language=dflt;"
(fontspec)             - 'italic small caps'  (m/scit) with NFSS spec.:
(fontspec)             <->"[./fonts/garamond/GARAMONDPREMRPRO-ITCAPT.otf]:mode=
node;script=latn;language=dflt;+smcp;"
(fontspec)             - 'bold italic' (b/it) with NFSS spec.:
(fontspec)             <->"[./fonts/garamond/GARAMONDPREMRPRO-BDITCAPT.otf]:mod
e=node;script=latn;language=dflt;"
(fontspec)             - 'bold italic small caps'  (b/scit) with NFSS spec.:
(fontspec)             <->"[./fonts/garamond/GARAMONDPREMRPRO-BDITCAPT.otf]:mod
e=node;script=latn;language=dflt;+smcp;"

luaotfload | aux : font no 33 (nil) does not define feature smcp for script latn
 with language dflt
luaotfload | aux : font no 33 (nil) does not define feature smcp for script latn
 with language dflt
luaotfload | aux : font no 33 (nil) does not define feature smcp for script dflt
 with language dflt
luaotfload | aux : font no 33 (nil) does not define feature smcp for script latn
 with language dflt
luaotfload | aux : font no 33 (nil) does not define feature smcp for script latn
 with language dflt
luaotfload | aux : font no 33 (nil) does not define feature smcp for script dflt
 with language dflt
luaotfload | aux : font no 34 (nil) does not define feature smcp for script latn
 with language dflt
luaotfload | aux : font no 34 (nil) does not define feature smcp for script latn
 with language dflt
luaotfload | aux : font no 34 (nil) does not define feature smcp for script dflt
 with language dflt
luaotfload | aux : font no 34 (nil) does not define feature smcp for script latn
 with language dflt
luaotfload | aux : font no 34 (nil) does not define feature smcp for script latn
 with language dflt
luaotfload | aux : font no 34 (nil) does not define feature smcp for script dflt
 with language dflt
luaotfload | aux : font no 35 (nil) does not define feature smcp for script latn
 with language dflt
luaotfload | aux : font no 35 (nil) does not define feature smcp for script latn
 with language dflt
luaotfload | aux : font no 35 (nil) does not define feature smcp for script dflt
 with language dflt
luaotfload | aux : font no 35 (nil) does not define feature smcp for script latn
 with language dflt
luaotfload | aux : font no 35 (nil) does not define feature smcp for script latn
 with language dflt
luaotfload | aux : font no 35 (nil) does not define feature smcp for script dflt
 with language dflt
luaotfload | aux : font no 36 (nil) does not define feature smcp for script latn
 with language dflt
luaotfload | aux : font no 36 (nil) does not define feature smcp for script latn
 with language dflt
luaotfload | aux : font no 36 (nil) does not define feature smcp for script dflt
 with language dflt
luaotfload | aux : font no 36 (nil) does not define feature smcp for script latn
 with language dflt
luaotfload | aux : font no 36 (nil) does not define feature smcp for script latn
 with language dflt
luaotfload | aux : font no 36 (nil) does not define feature smcp for script dflt
 with language dflt

Package fontspec Info: 
(fontspec)             Font family 'HelveticaNeue(0)' created for font
(fontspec)             'HelveticaNeue' with options [Path =
(fontspec)             ./fonts/helvetica/,Extension = .otf,UprightFont =
(fontspec)             *Roman,BoldFont = *Bold,ItalicFont =
(fontspec)             *Italic,BoldItalicFont = *BoldItalic].
(fontspec)              
(fontspec)              This font family consists of the following NFSS
(fontspec)             series/shapes:
(fontspec)              
(fontspec)             - 'normal' (m/n) with NFSS spec.:
(fontspec)             <->"[./fonts/helvetica/HelveticaNeueRoman.otf]:mode=node
;script=latn;language=dflt;"
(fontspec)             - 'bold' (b/n) with NFSS spec.:
(fontspec)             <->"[./fonts/helvetica/HelveticaNeueBold.otf]:mode=node;
script=latn;language=dflt;"
(fontspec)             - 'italic' (m/it) with NFSS spec.:
(fontspec)             <->"[./fonts/helvetica/HelveticaNeueItalic.otf]:mode=nod
e;script=latn;language=dflt;"
(fontspec)             - 'bold italic' (b/it) with NFSS spec.:
(fontspec)             <->"[./fonts/helvetica/HelveticaNeueBoldItalic.otf]:mode
=node;script=latn;language=dflt;"

)
("C:/Users/Henri De Plaen/AppData/Local/Programs/MiKTeX/tex/latex/unicode-math/
unicode-math.sty"
Package: unicode-math 2023/08/13 v0.8r Unicode maths in XeLaTeX and LuaLaTeX

("C:/Users/Henri De Plaen/AppData/Local/Programs/MiKTeX/tex/latex/unicode-math/
unicode-math-luatex.sty"
Package: unicode-math-luatex 2023/08/13 v0.8r Unicode maths in XeLaTeX and LuaL
aTeX

("C:/Users/Henri De Plaen/AppData/Local/Programs/MiKTeX/tex/latex/base/fix-cm.s
ty"
Package: fix-cm 2020/11/24 v1.1t fixes to LaTeX

("C:/Users/Henri De Plaen/AppData/Local/Programs/MiKTeX/tex/latex/base/ts1enc.d
ef"
File: ts1enc.def 2001/06/05 v3.0e (jk/car/fm) Standard LaTeX file
LaTeX Font Info:    Redeclaring font encoding TS1 on input line 47.
))
("C:/Users/Henri De Plaen/AppData/Local/Programs/MiKTeX/tex/lualatex/lualatex-m
ath/lualatex-math.sty"
Package: lualatex-math 2022/01/01 v1.12 Patches for mathematics typesetting wit
h LuaLaTeX
Lua module: lualatex-math 2013/08/03 1.3 Patches for mathematics typesetting wit
h LuaLaTeX)
\g__um_fam_int=\count506
\g__um_fonts_used_int=\count507
\l__um_primecount_int=\count508
\g__um_primekern_muskip=\muskip23

("C:/Users/Henri De Plaen/AppData/Local/Programs/MiKTeX/tex/latex/unicode-math/
unicode-math-table.tex"))) (./config/chapters.tex
("C:/Users/Henri De Plaen/AppData/Local/Programs/MiKTeX/tex/latex/titlesec/titl
esec.sty"
Package: titlesec 2023/10/27 v2.16 Sectioning titles
\ttl@box=\box63
\beforetitleunit=\skip147
\aftertitleunit=\skip148
\ttl@plus=\dimen188
\ttl@minus=\dimen189
\ttl@toksa=\toks64
\titlewidth=\dimen190
\titlewidthlast=\dimen191
\titlewidthfirst=\dimen192
)))
("C:/Users/Henri De Plaen/AppData/Local/Programs/MiKTeX/tex/latex/nomencl/nomen
cl.sty"
Package: nomencl 2021/11/10 v5.6 Nomenclature package

("C:/Users/Henri De Plaen/AppData/Local/Programs/MiKTeX/tex/latex/koma-script/t
ocbasic.sty"
Package: tocbasic 2023/07/07 v3.41 KOMA-Script package (handling toc-files)

("C:/Users/Henri De Plaen/AppData/Local/Programs/MiKTeX/tex/latex/koma-script/s
crbase.sty"
Package: scrbase 2023/07/07 v3.41 KOMA-Script package (KOMA-Script-independent 
basics and keyval usage)

("C:/Users/Henri De Plaen/AppData/Local/Programs/MiKTeX/tex/latex/koma-script/s
crlfile.sty"
Package: scrlfile 2023/07/07 v3.41 KOMA-Script package (file load hooks)

("C:/Users/Henri De Plaen/AppData/Local/Programs/MiKTeX/tex/latex/koma-script/s
crlfile-hook.sty"
Package: scrlfile-hook 2023/07/07 v3.41 KOMA-Script package (using LaTeX hooks)


("C:/Users/Henri De Plaen/AppData/Local/Programs/MiKTeX/tex/latex/koma-script/s
crlogo.sty"
Package: scrlogo 2023/07/07 v3.41 KOMA-Script package (logo)
)))
Applying: [2021/05/01] Usage of raw or classic option list on input line 252.
Already applied: [0000/00/00] Usage of raw or classic option list on input line
 368.
)
\scr@dte@tocline@numberwidth=\skip149
\scr@dte@tocline@numbox=\box64
)
Package tocbasic Info: setting babel extension for `nlo' on input line 187.
Package tocbasic Info: setting babel extension for `nls' on input line 188.
\nomlabelwidth=\dimen193
\nom@tempdim=\dimen194
\nomitemsep=\skip150
)
\@nomenclaturefile=\write5

\openout5 = main.nlo
Package nomencl Info: Writing nomenclature file main.nlo on input line 62.

("C:/Users/Henri De Plaen/AppData/Local/Programs/MiKTeX/tex/latex/glossaries/ba
se/glossaries.sty"
Package: glossaries 2024/04/03 v4.54 (NLCT)

("C:/Users/Henri De Plaen/AppData/Local/Programs/MiKTeX/tex/latex/mfirstuc/mfir
stuc.sty"
Package: mfirstuc 2022/10/14 v2.08 (NLCT)
\@glsmfirst=\toks65
\@glsmrest=\toks66
)
("C:/Users/Henri De Plaen/AppData/Local/Programs/MiKTeX/tex/latex/tracklang/tra
cklang.sty"
Package: tracklang 2022/12/13 v1.6.1 (NLCT) Track Languages

("C:/Users/Henri De Plaen/AppData/Local/Programs/MiKTeX/tex/generic/tracklang/t
racklang.tex"))
("C:/Users/Henri De Plaen/AppData/Local/Programs/MiKTeX/tex/latex/translator/tr
anslator.sty"
Package: translator 2021-05-31 v1.12d Easy translation of strings in LaTeX
)
("C:/Users/Henri De Plaen/AppData/Local/Programs/MiKTeX/tex/latex/glossaries-en
glish/glossaries-english.ldf"
File: glossaries-english.ldf 2014/11/23 v1.0
)
("C:/Users/Henri De Plaen/AppData/Local/Programs/MiKTeX/tex/latex/glossaries-du
tch/glossaries-dutch.ldf"
File: glossaries-dutch.ldf 2014/11/28 v1.1
)
\gls@level=\count509
\@gls@tmpb=\toks67
\gls@tmplen=\skip151
\glskeylisttok=\toks68
\glslabeltok=\toks69
\glsshorttok=\toks70
\glslongtok=\toks71

("C:/Users/Henri De Plaen/AppData/Local/Programs/MiKTeX/tex/latex/glossaries/st
yles/glossary-hypernav.sty"
Package: glossary-hypernav 2024/04/03 v4.54 (NLCT)
)
("C:/Users/Henri De Plaen/AppData/Local/Programs/MiKTeX/tex/latex/glossaries/st
yles/glossary-list.sty"
Package: glossary-list 2024/04/03 v4.54 (NLCT)
\glslistdottedwidth=\skip152
)
("C:/Users/Henri De Plaen/AppData/Local/Programs/MiKTeX/tex/latex/glossaries/st
yles/glossary-long.sty"
Package: glossary-long 2024/04/03 v4.54 (NLCT)

("C:/Users/Henri De Plaen/AppData/Local/Programs/MiKTeX/tex/latex/tools/longtab
le.sty"
Package: longtable 2024-04-26 v4.20 Multi-page Table package (DPC)
\LTleft=\skip153
\LTright=\skip154
\LTpre=\skip155
\LTpost=\skip156
\LTchunksize=\count510
\LTcapwidth=\dimen195
\LT@head=\box65
\LT@firsthead=\box66
\LT@foot=\box67
\LT@lastfoot=\box68
\LT@gbox=\box69
\LT@cols=\count511
\LT@rows=\count512
\c@LT@tables=\count513
\c@LT@chunks=\count514
\LT@p@ftn=\toks72
)
\glsdescwidth=\skip157
\glspagelistwidth=\skip158
)
("C:/Users/Henri De Plaen/AppData/Local/Programs/MiKTeX/tex/latex/glossaries/st
yles/glossary-super.sty"
Package: glossary-super 2024/04/03 v4.54 (NLCT)

("C:/Users/Henri De Plaen/AppData/Local/Programs/MiKTeX/tex/latex/supertabular/
supertabular.sty"
Package: supertabular 2024/07/20 v4.2c the supertabular environment
\c@tracingst=\count515
\ST@wd=\dimen196
\ST@rightskip=\skip159
\ST@leftskip=\skip160
\ST@parfillskip=\skip161
\ST@pageleft=\dimen197
\ST@headht=\dimen198
\ST@tailht=\dimen199
\ST@pagesofar=\dimen256
\ST@pboxht=\dimen257
\ST@rowht=\dimen258
\ST@prevht=\dimen259
\ST@toadd=\dimen260
\ST@dimen=\dimen261
\ST@pbox=\box70
))
("C:/Users/Henri De Plaen/AppData/Local/Programs/MiKTeX/tex/latex/glossaries/st
yles/glossary-tree.sty"
Package: glossary-tree 2024/04/03 v4.54 (NLCT)
\glstreeindent=\skip162
))
\glswrite=\write6
\glo@main@file=\write7

\openout7 = main.glo
Package glossaries Info: Writing glossary file main.glo on input line 74.

("C:/Users/Henri De Plaen/AppData/Local/Programs/MiKTeX/tex/latex/base/textcomp
.sty"
Package: textcomp 2024/04/24 v2.1b Standard LaTeX package
)
("C:/Users/Henri De Plaen/AppData/Local/Programs/MiKTeX/tex/latex/psnfss/pifont
.sty"
Package: pifont 2020/03/25 PSNFSS-v9.3 Pi font support (SPQR) 
LaTeX Font Info:    Trying to load font information for U+pzd on input line 63.


("C:/Users/Henri De Plaen/AppData/Local/Programs/MiKTeX/tex/latex/psnfss/upzd.f
d"
File: upzd.fd 2001/06/04 font definitions for U/pzd.
)
LaTeX Font Info:    Trying to load font information for U+psy on input line 64.


("C:/Users/Henri De Plaen/AppData/Local/Programs/MiKTeX/tex/latex/psnfss/upsy.f
d"
File: upsy.fd 2001/06/04 font definitions for U/psy.
))
("C:/Users/Henri De Plaen/AppData/Local/Programs/MiKTeX/tex/latex/booktabs/book
tabs.sty"
Package: booktabs 2020/01/12 v1.61803398 Publication quality tables
\heavyrulewidth=\dimen262
\lightrulewidth=\dimen263
\cmidrulewidth=\dimen264
\belowrulesep=\dimen265
\belowbottomsep=\dimen266
\aboverulesep=\dimen267
\abovetopsep=\dimen268
\cmidrulesep=\dimen269
\cmidrulekern=\dimen270
\defaultaddspace=\dimen271
\@cmidla=\count516
\@cmidlb=\count517
\@aboverulesep=\dimen272
\@belowrulesep=\dimen273
\@thisruleclass=\count518
\@lastruleclass=\count519
\@thisrulewidth=\dimen274
)
("C:/Users/Henri De Plaen/AppData/Local/Programs/MiKTeX/tex/latex/amscls/amsthm
.sty"
Package: amsthm 2020/05/29 v2.20.6
\thm@style=\toks73
\thm@bodyfont=\toks74
\thm@headfont=\toks75
\thm@notefont=\toks76
\thm@headpunct=\toks77
\thm@preskip=\skip163
\thm@postskip=\skip164
\thm@headsep=\skip165
\dth@everypar=\toks78
)
Package csquotes Info: Checking for multilingual support...
Package csquotes Info: ... found 'babel' package.
Package csquotes Info: Adjusting default style.
Package csquotes Info: Redefining alias 'default' -> 'english'.

("c:/Users/Henri De Plaen/Documents/KULeuven/Thesis/phd-thesis/out/main.aux"
("c:/Users/Henri De Plaen/Documents/KULeuven/Thesis/phd-thesis/out/chapters/pre
face/preface.aux")
("c:/Users/Henri De Plaen/Documents/KULeuven/Thesis/phd-thesis/out/chapters/abs
tract/abstract.aux")
("c:/Users/Henri De Plaen/Documents/KULeuven/Thesis/phd-thesis/out/chapters/abs
tractnl/abstractnl.aux")
("c:/Users/Henri De Plaen/Documents/KULeuven/Thesis/phd-thesis/out/chapters/int
roduction/introduction.aux")
("c:/Users/Henri De Plaen/Documents/KULeuven/Thesis/phd-thesis/out/chapters/man
ual/manual.aux")
("c:/Users/Henri De Plaen/Documents/KULeuven/Thesis/phd-thesis/out/chapters/con
clusion/conclusion.aux")
("c:/Users/Henri De Plaen/Documents/KULeuven/Thesis/phd-thesis/out/chapters/mya
ppendix/myappendix.aux")
("c:/Users/Henri De Plaen/Documents/KULeuven/Thesis/phd-thesis/out/chapters/cur
riculum/curriculum.aux"))
\openout1 = main.aux

LaTeX Font Info:    Checking defaults for OML/cmm/m/it on input line 86.
LaTeX Font Info:    ... okay on input line 86.
LaTeX Font Info:    Checking defaults for OMS/cmsy/m/n on input line 86.
LaTeX Font Info:    ... okay on input line 86.
LaTeX Font Info:    Checking defaults for OT1/cmr/m/n on input line 86.
LaTeX Font Info:    ... okay on input line 86.
LaTeX Font Info:    Checking defaults for T1/cmr/m/n on input line 86.
LaTeX Font Info:    ... okay on input line 86.
LaTeX Font Info:    Checking defaults for TS1/cmr/m/n on input line 86.
LaTeX Font Info:    ... okay on input line 86.
LaTeX Font Info:    Checking defaults for TU/lmr/m/n on input line 86.
LaTeX Font Info:    ... okay on input line 86.
LaTeX Font Info:    Checking defaults for OMX/cmex/m/n on input line 86.
LaTeX Font Info:    ... okay on input line 86.
LaTeX Font Info:    Checking defaults for U/cmr/m/n on input line 86.
LaTeX Font Info:    ... okay on input line 86.
LaTeX Font Info:    Checking defaults for PD1/pdf/m/n on input line 86.
LaTeX Font Info:    ... okay on input line 86.
LaTeX Font Info:    Checking defaults for PU/pdf/m/n on input line 86.
LaTeX Font Info:    ... okay on input line 86.

("C:/Users/Henri De Plaen/AppData/Local/Programs/MiKTeX/tex/context/base/mkii/s
upp-pdf.mkii"
[Loading MPS to PDF converter (version 2006.09.02).]
\scratchcounter=\count520
\scratchdimen=\dimen275
\scratchbox=\box71
\nofMPsegments=\count521
\nofMParguments=\count522
\everyMPshowfont=\toks79
\MPscratchCnt=\count523
\MPscratchDim=\dimen276
\MPnumerator=\count524
\makeMPintoPDFobject=\count525
\everyMPtoPDFconversion=\toks80
)
("C:/Users/Henri De Plaen/AppData/Local/Programs/MiKTeX/tex/latex/epstopdf-pkg/
epstopdf-base.sty"
Package: epstopdf-base 2020-01-24 v2.11 Base part for package epstopdf
Package epstopdf-base Info: Redefining graphics rule for `.eps' on input line 4
85.

("C:/Users/Henri De Plaen/AppData/Local/Programs/MiKTeX/tex/latex/00miktex/epst
opdf-sys.cfg"
File: epstopdf-sys.cfg 2021/03/18 v2.0 Configuration of epstopdf for MiKTeX
))
\c@lstlisting=\count526
Package tocbasic Info: setting babel extension for `lol' on input line 86.
Package hyperref Info: Link coloring OFF on input line 86.

("c:/Users/Henri De Plaen/Documents/KULeuven/Thesis/phd-thesis/out/main.out")
("c:/Users/Henri De Plaen/Documents/KULeuven/Thesis/phd-thesis/out/main.out")
\@outlinefile=\write8

\openout8 = main.out

*geometry* detected driver: <none>
*geometry* verbose mode - [ preamble ] result:
* driver: \Gm@driver 
* paper: custom
* layout: <same size as paper>
* layoutoffset:(h,v)=(0.0pt,0.0pt)
* modes: twoside 
* h-part:(L,W,R)=(56.9055pt, 341.43306pt, 56.90552pt)
* v-part:(T,H,B)=(68.28659pt, 512.1496pt, 102.42995pt)
* \paperwidth=455.24408pt
* \paperheight=682.86613pt
* \textwidth=341.43306pt
* \textheight=512.1496pt
* \oddsidemargin=-15.36449pt
* \evensidemargin=-15.36447pt
* \topmargin=-40.9834pt
* \headheight=12.0pt
* \headsep=25.0pt
* \topskip=10.0pt
* \footskip=30.0pt
* \marginparwidth=121.0pt
* \marginparsep=11.0pt
* \columnsep=10.0pt
* \skip\footins=9.0pt plus 4.0pt minus 2.0pt
* \hoffset=0.0pt
* \voffset=0.0pt
* \mag=1000
* \@twocolumnfalse
* \@twosidetrue
* \@mparswitchtrue
* \@reversemarginfalse
* (1in=72.27pt=25.4mm, 1cm=28.453pt)

Package crop Info: requested driver: `luatex' on input line 86.
Package crop Info: detected driver: `luatex' on input line 86.
Package crop Info: using `luatex' graphics driver on input line 86.
LaTeX Info: Redefining \microtypecontext on input line 86.
Package microtype Info: Applying patch `item' on input line 86.
Package microtype Info: Applying patch `toc' on input line 86.
Package microtype Info: Applying patch `eqnum' on input line 86.
Package microtype Info: Applying patch `footnote' on input line 86.
Package microtype Info: Applying patch `verbatim' on input line 86.
Package microtype Info: Generating PDF output.
Package microtype Info: Character protrusion enabled (level 2).
Package microtype Info: Using default protrusion set `alltext'.
Package microtype Info: Automatic font expansion enabled (level 2),
(microtype)             stretch: 20, shrink: 20, step: 1, non-selected.
Package microtype Info: Using default expansion set `alltext-nott'.
LaTeX Info: Redefining \showhyphens on input line 86.
Package microtype Info: No adjustment of tracking.
Package microtype Info: No adjustment of spacing.
Package microtype Info: No adjustment of kerning.
Package microtype Info: Loading generic protrusion settings for font family
(microtype)             `GARAMONDPREMRPRO' (encoding: TU).
(microtype)             For optimal results, create family-specific settings.
(microtype)             See the microtype manual for details.
Package biblatex Info: Trying to load language 'english'...
Package biblatex Info: ... file 'english.lbx' found.

("C:/Users/Henri De Plaen/AppData/Local/Programs/MiKTeX/tex/latex/biblatex/lbx/
english.lbx"
File: english.lbx 2024/03/21 v3.20 biblatex localization (PK/MW)
)
Package biblatex Info: Trying to load language 'dutch'...
Package biblatex Info: ... file 'dutch.lbx' found.

("C:/Users/Henri De Plaen/AppData/Local/Programs/MiKTeX/tex/latex/biblatex/lbx/
dutch.lbx"
File: dutch.lbx 2024/03/21 v3.20 biblatex localization (PK/MW)
)
Package biblatex Info: LuaTeX detected.
(biblatex)             Assuming input encoding 'utf8'.
Package biblatex Info: Automatic encoding selection.
(biblatex)             Assuming data encoding 'utf8'.

\openout4 = main.bcf
Package biblatex Info: Trying to load bibliographic data...
Package biblatex Info: ... file 'main.bbl' found.

("c:/Users/Henri De Plaen/Documents/KULeuven/Thesis/phd-thesis/out/main.bbl")
Package biblatex Info: Reference section=0 on input line 86.
Package biblatex Info: Reference segment=0 on input line 86.
LaTeX Font Info:    Overwriting math alphabet `\mathrm' in version `normal'
(Font)                  OT1/lmr/m/n --> TU/GARAMONDPREMRPRO(0)/m/n on input lin
e 86.
LaTeX Font Info:    Overwriting math alphabet `\mathit' in version `normal'
(Font)                  OT1/lmr/m/it --> TU/GARAMONDPREMRPRO(0)/m/it on input l
ine 86.
LaTeX Font Info:    Overwriting math alphabet `\mathbf' in version `normal'
(Font)                  OT1/lmr/bx/n --> TU/GARAMONDPREMRPRO(0)/b/n on input li
ne 86.
LaTeX Font Info:    Overwriting math alphabet `\mathsf' in version `normal'
(Font)                  OT1/lmss/m/n --> TU/lmss/m/n on input line 86.
LaTeX Font Info:    Overwriting math alphabet `\mathsf' in version `bold'
(Font)                  OT1/lmss/bx/n --> TU/lmss/b/n on input line 86.
LaTeX Font Info:    Overwriting math alphabet `\mathtt' in version `normal'
(Font)                  OT1/lmtt/m/n --> TU/lmtt/m/n on input line 86.
LaTeX Font Info:    Overwriting math alphabet `\mathtt' in version `bold'
(Font)                  OT1/lmtt/m/n --> TU/lmtt/b/n on input line 86.

Package fontspec Info: 
(fontspec)             Font family 'latinmodern-math.otf(0)' created for font
(fontspec)             'latinmodern-math.otf' with options
(fontspec)             [Renderer=Basic,BoldItalicFont={},ItalicFont={},SmallCap
sFont={},Script=Math,RawFeature={mathfontdimen=xetex},BoldFont={latinmodern-mat
h.otf}].
(fontspec)              
(fontspec)              This font family consists of the following NFSS
(fontspec)             series/shapes:
(fontspec)              
(fontspec)             - 'normal' (m/n) with NFSS spec.:
(fontspec)             <->"[latinmodern-math.otf]:mode=base;script=math;languag
e=dflt;mathfontdimen=xetex;"
(fontspec)             - 'bold' (b/n) with NFSS spec.:
(fontspec)             <->"[latinmodern-math.otf]:mode=base;script=math;languag
e=dflt;mathfontdimen=xetex;"

Package microtype Info: Loading generic protrusion settings for font family
(microtype)             `latinmodern-math.otf' (encoding: TU).
(microtype)             For optimal results, create family-specific settings.
(microtype)             See the microtype manual for details.

Package fontspec Info: 
(fontspec)             Font family 'latinmodern-math.otf(1)' created for font
(fontspec)             'latinmodern-math.otf' with options
(fontspec)             [Renderer=Basic,BoldItalicFont={},ItalicFont={},SmallCap
sFont={},Script=Math,SizeFeatures={{Size=8.5-},{Size=6-8.5,Font=latinmodern-mat
h.otf,Style=MathScript},{Size=-6,Font=latinmodern-math.otf,Style=MathScriptScri
pt}},RawFeature={mathfontdimen=xetex},BoldFont={latinmodern-math.otf}].
(fontspec)              
(fontspec)              This font family consists of the following NFSS
(fontspec)             series/shapes:
(fontspec)              
(fontspec)             - 'normal' (m/n) with NFSS spec.:
(fontspec)             <8.5->"[latinmodern-math.otf]:mode=base;script=math;lang
uage=dflt;mathfontdimen=xetex;"<6-8.5>"[latinmodern-math.otf]:mode=base;script=
math;language=dflt;mathfontdimen=xetex;+ssty=0;"<-6>"[latinmodern-math.otf]:mod
e=base;script=math;language=dflt;mathfontdimen=xetex;+ssty=1;"
(fontspec)             - 'bold' (b/n) with NFSS spec.:
(fontspec)             <->"[latinmodern-math.otf]:mode=base;script=math;languag
e=dflt;mathfontdimen=xetex;"

LaTeX Font Info:    Encoding `OT1' has changed to `TU' for symbol font
(Font)              `operators' in the math version `normal' on input line 86.
LaTeX Font Info:    Overwriting symbol font `operators' in version `normal'
(Font)                  OT1/lmr/m/n --> TU/latinmodern-math.otf(1)/m/n on input
 line 86.
LaTeX Font Info:    Encoding `OT1' has changed to `TU' for symbol font
(Font)              `operators' in the math version `bold' on input line 86.
LaTeX Font Info:    Overwriting symbol font `operators' in version `bold'
(Font)                  OT1/lmr/bx/n --> TU/latinmodern-math.otf(1)/b/n on inpu
t line 86.

Package fontspec Info: 
(fontspec)             Font family 'latinmodern-math.otf(2)' created for font
(fontspec)             'latinmodern-math.otf' with options
(fontspec)             [Renderer=Basic,BoldItalicFont={},ItalicFont={},SmallCap
sFont={},Script=Math,SizeFeatures={{Size=8.5-},{Size=6-8.5,Font=latinmodern-mat
h.otf,Style=MathScript},{Size=-6,Font=latinmodern-math.otf,Style=MathScriptScri
pt}},RawFeature={mathfontdimen=xetex},BoldFont={latinmodern-math.otf},RawFeatur
e={mathfontdimen=tex2}].
(fontspec)              
(fontspec)              This font family consists of the following NFSS
(fontspec)             series/shapes:
(fontspec)              
(fontspec)             - 'normal' (m/n) with NFSS spec.:
(fontspec)             <8.5->"[latinmodern-math.otf]:mode=base;script=math;lang
uage=dflt;mathfontdimen=xetex;mathfontdimen=tex2;"<6-8.5>"[latinmodern-math.otf
]:mode=base;script=math;language=dflt;mathfontdimen=xetex;mathfontdimen=tex2;+s
sty=0;"<-6>"[latinmodern-math.otf]:mode=base;script=math;language=dflt;mathfont
dimen=xetex;mathfontdimen=tex2;+ssty=1;"
(fontspec)             - 'bold' (b/n) with NFSS spec.:
(fontspec)             <->"[latinmodern-math.otf]:mode=base;script=math;languag
e=dflt;mathfontdimen=xetex;mathfontdimen=tex2;"

LaTeX Font Info:    Encoding `OMS' has changed to `TU' for symbol font
(Font)              `symbols' in the math version `normal' on input line 86.
LaTeX Font Info:    Overwriting symbol font `symbols' in version `normal'
(Font)                  OMS/lmsy/m/n --> TU/latinmodern-math.otf(2)/m/n on inpu
t line 86.
LaTeX Font Info:    Encoding `OMS' has changed to `TU' for symbol font
(Font)              `symbols' in the math version `bold' on input line 86.
LaTeX Font Info:    Overwriting symbol font `symbols' in version `bold'
(Font)                  OMS/lmsy/b/n --> TU/latinmodern-math.otf(2)/b/n on inpu
t line 86.

Package fontspec Info: 
(fontspec)             Font family 'latinmodern-math.otf(3)' created for font
(fontspec)             'latinmodern-math.otf' with options
(fontspec)             [Renderer=Basic,BoldItalicFont={},ItalicFont={},SmallCap
sFont={},Script=Math,SizeFeatures={{Size=8.5-},{Size=6-8.5,Font=latinmodern-mat
h.otf,Style=MathScript},{Size=-6,Font=latinmodern-math.otf,Style=MathScriptScri
pt}},RawFeature={mathfontdimen=xetex},BoldFont={latinmodern-math.otf},RawFeatur
e={mathfontdimen=tex3}].
(fontspec)              
(fontspec)              This font family consists of the following NFSS
(fontspec)             series/shapes:
(fontspec)              
(fontspec)             - 'normal' (m/n) with NFSS spec.:
(fontspec)             <8.5->"[latinmodern-math.otf]:mode=base;script=math;lang
uage=dflt;mathfontdimen=xetex;mathfontdimen=tex3;"<6-8.5>"[latinmodern-math.otf
]:mode=base;script=math;language=dflt;mathfontdimen=xetex;mathfontdimen=tex3;+s
sty=0;"<-6>"[latinmodern-math.otf]:mode=base;script=math;language=dflt;mathfont
dimen=xetex;mathfontdimen=tex3;+ssty=1;"
(fontspec)             - 'bold' (b/n) with NFSS spec.:
(fontspec)             <->"[latinmodern-math.otf]:mode=base;script=math;languag
e=dflt;mathfontdimen=xetex;mathfontdimen=tex3;"

LaTeX Font Info:    Encoding `OMX' has changed to `TU' for symbol font
(Font)              `largesymbols' in the math version `normal' on input line 8
6.
LaTeX Font Info:    Overwriting symbol font `largesymbols' in version `normal'
(Font)                  OMX/lmex/m/n --> TU/latinmodern-math.otf(3)/m/n on inpu
t line 86.
LaTeX Font Info:    Encoding `OMX' has changed to `TU' for symbol font
(Font)              `largesymbols' in the math version `bold' on input line 86.

LaTeX Font Info:    Overwriting symbol font `largesymbols' in version `bold'
(Font)                  OMX/lmex/m/n --> TU/latinmodern-math.otf(3)/b/n on inpu
t line 86.
LaTeX Font Info:    Trying to load font information for OML+lmm on input line 8
6.

("C:/Users/Henri De Plaen/AppData/Local/Programs/MiKTeX/tex/latex/lm/omllmm.fd"
File: omllmm.fd 2015/05/01 v1.6.1 Font defs for Latin Modern
)
LaTeX Font Info:    Trying to load font information for U+msa on input line 86.


("C:/Users/Henri De Plaen/AppData/Local/Programs/MiKTeX/tex/latex/amsfonts/umsa
.fd"
File: umsa.fd 2013/01/14 v3.01 AMS symbols A
)
("C:/Users/Henri De Plaen/AppData/Local/Programs/MiKTeX/tex/latex/microtype/mt-
msa.cfg"
File: mt-msa.cfg 2006/02/04 v1.1 microtype config. file: AMS symbols (a) (RS)
)
LaTeX Font Info:    Trying to load font information for U+msb on input line 86.


("C:/Users/Henri De Plaen/AppData/Local/Programs/MiKTeX/tex/latex/amsfonts/umsb
.fd"
File: umsb.fd 2013/01/14 v3.01 AMS symbols B
)
("C:/Users/Henri De Plaen/AppData/Local/Programs/MiKTeX/tex/latex/microtype/mt-
msb.cfg"
File: mt-msb.cfg 2005/06/01 v1.0 microtype config. file: AMS symbols (b) (RS)
)
LaTeX Font Info:    Trying to load font information for U+rsfs on input line 86
.

("C:/Users/Henri De Plaen/AppData/Local/Programs/MiKTeX/tex/latex/jknappen/ursf
s.fd"
File: ursfs.fd 1998/03/24 rsfs font definition file (jk)
)
("c:/Users/Henri De Plaen/Documents/KULeuven/Thesis/phd-thesis/out/main.glsdefs
")
adsphd.cls: Create cover with bleed (0.0pt,0.0pt)
<image/KULEUVEN_LOGO_2012.pdf, id=81, 159.59625pt x 57.21375pt>
File: image/KULEUVEN_LOGO_2012.pdf Graphic file (type pdf)
<use image/KULEUVEN_LOGO_2012.pdf>
Package luatex.def Info: image/KULEUVEN_LOGO_2012.pdf  used on input line 90.
(luatex.def)             Requested size: 159.33527pt x 56.90804pt.
Package microtype Info: Loading generic protrusion settings for font family
(microtype)             `HelveticaNeue' (encoding: TU).
(microtype)             For optimal results, create family-specific settings.
(microtype)             See the microtype manual for details.

Underfull \hbox (badness 10000) in paragraph at lines 90--90

 []



[1{C:/Users/Henri De Plaen/AppData/Local/MiKTeX/fonts/map/pdftex/pdftex.map}


\openout6 = main.ist
<./image/KULEUVEN_LOGO_2012.pdf>]

[2

]
Underfull \hbox (badness 10000) in paragraph at lines 92--92

 []



[3]

[4]
adsphd.cls: chapter `preface'

\openout2 = chapters/preface/preface.aux
(./chapters/preface/preface.tex

[1





]

[2

])
adsphd.cls: chapter `abstract'

\openout2 = chapters/abstract/abstract.aux
(./chapters/abstract/abstract.tex

[3





]

[4

])
adsphd.cls: chapter `abstractnl'

\openout2 = chapters/abstractnl/abstractnl.aux
(./chapters/abstractnl/abstractnl.tex

[5





]

[6

]) (./config/abbreviations.tex)
No file main.gls.


[7



]

[8

]
No file main.nls.
("c:/Users/Henri De Plaen/Documents/KULeuven/Thesis/phd-thesis/out/main.toc")
\tf@toc=\write9

\openout9 = main.toc


[9


]

[10

] ("c:/Users/Henri De Plaen/Documents/KULeuven/Thesis/phd-thesis/out/main.lof")
\tf@lof=\write10

\openout10 = main.lof


[11

]

[12

] ("c:/Users/Henri De Plaen/Documents/KULeuven/Thesis/phd-thesis/out/main.lot")
\tf@lot=\write11

\openout11 = main.lot


[13

]

[14

]
\openout2 = chapters/introduction/introduction.aux
 (./chapters/introduction/introduction.tex
Chapter 1.

("C:/Users/Henri De Plaen/AppData/Local/Programs/MiKTeX/tex/generic/hyph-utf8/l
oadhyph/loadhyph-la.tex" UTF-8 Latin hyphenation patterns
("C:/Users/Henri De Plaen/AppData/Local/Programs/MiKTeX/tex/generic/hyph-utf8/p
atterns/tex/hyph-la.tex"))

[1



]

[2])
\openout2 = chapters/manual/manual.aux
 (./chapters/manual/manual.tex
Chapter 2.
Package microtype Info: Loading generic protrusion settings for font family
(microtype)             `lmtt' (encoding: TU).
(microtype)             For optimal results, create family-specific settings.
(microtype)             See the microtype manual for details.

Overfull \hbox (18.88898pt too wide) in paragraph at lines 25--29
[][]\TU/GARAMONDPREMRPRO(0)/b/n/10 Change cover font color:[] \TU/GARAMONDPREMR
PRO(0)/m/n/10 Add the com-mand \TU/lmtt/m/n/10 \color{red} \TU/GARAMONDPREMRPRO
(0)/m/n/10 to the \TU/lmtt/m/n/10 \frontcoverheaderXII
 []



[3





]
Underfull \hbox (badness 1048) in paragraph at lines 39--42
\TU/GARAMONDPREMRPRO(0)/m/n/10 us-ing the com-mand \TU/lmtt/m/n/10 make cover \
TU/GARAMONDPREMRPRO(0)/m/n/10 or \TU/lmtt/m/n/10 python3 run.py cover\TU/GARAMO
NDPREMRPRO(0)/m/n/10 . This cre-ates a pdf
 []


Overfull \hbox (12.42577pt too wide) in paragraph at lines 60--62
[]\TU/GARAMONDPREMRPRO(0)/m/n/10 re-de-fine the com-mands \TU/lmtt/m/n/10 \makef
rontcovergeneral \TU/GARAMONDPREMRPRO(0)/m/n/10 and \TU/lmtt/m/n/10 \makebackcov
ergeneral\TU/GARAMONDPREMRPRO(0)/m/n/10 .
 []



[4]

[5]

[6])
\openout2 = chapters/conclusion/conclusion.aux
 (./chapters/conclusion/conclusion.tex
Chapter 3.


[7





]

[8

])
adsphd.cls: chapter `myappendix'

\openout2 = chapters/myappendix/myappendix.aux
(./chapters/myappendix/myappendix.tex
Appendix A.


[9





]

[10

])

LaTeX Warning: Empty bibliography on input line 146.

adsphd.cls: chapter `curriculum'

\openout2 = chapters/curriculum/curriculum.aux
(./chapters/curriculum/curriculum.tex

[11






]

[12

])
adsphd.cls: chapter `publications'
adsphd.cls: Using default back cover page
adsphd.cls: Using default XII back cover page


[13




]

[14

]

[15]
<image/sedes.pdf, id=280, 402.50375pt x 683.55376pt>
File: image/sedes.pdf Graphic file (type pdf)
<use image/sedes.pdf>
Package luatex.def Info: image/sedes.pdf  used on input line 152.
(luatex.def)             Requested size: 25.1257pt x 42.67912pt.

Overfull \hbox (5.20879pt too wide) in paragraph at lines 152--152
[][] 
 []



[16<./image/sedes.pdf>]
("c:/Users/Henri De Plaen/Documents/KULeuven/Thesis/phd-thesis/out/main.aux"
("c:/Users/Henri De Plaen/Documents/KULeuven/Thesis/phd-thesis/out/chapters/pre
face/preface.aux")
("c:/Users/Henri De Plaen/Documents/KULeuven/Thesis/phd-thesis/out/chapters/abs
tract/abstract.aux")
("c:/Users/Henri De Plaen/Documents/KULeuven/Thesis/phd-thesis/out/chapters/abs
tractnl/abstractnl.aux")
("c:/Users/Henri De Plaen/Documents/KULeuven/Thesis/phd-thesis/out/chapters/int
roduction/introduction.aux")
("c:/Users/Henri De Plaen/Documents/KULeuven/Thesis/phd-thesis/out/chapters/man
ual/manual.aux")
("c:/Users/Henri De Plaen/Documents/KULeuven/Thesis/phd-thesis/out/chapters/con
clusion/conclusion.aux")
("c:/Users/Henri De Plaen/Documents/KULeuven/Thesis/phd-thesis/out/chapters/mya
ppendix/myappendix.aux")
("c:/Users/Henri De Plaen/Documents/KULeuven/Thesis/phd-thesis/out/chapters/cur
riculum/curriculum.aux"))
 ***********
LaTeX2e <2024-06-01> patch level 2
L3 programming layer <2024-05-27>
 ***********
Package rerunfilecheck Info: File `main.out' has not changed.
(rerunfilecheck)             Checksum: 2F0708258A969E46C9A78BEB45019747;2970.
Package logreq Info: Writing requests to 'main.run.xml'.

\openout1 = main.run.xml
)

Here is how much of LuaTeX's memory you used:
 40574 strings out of 475915
 100000,2373549 words of node,token memory allocated
 991 words of node memory still in use:
   8 hlist, 2 vlist, 2 rule, 1 local_par, 6 glue, 5 kern, 1 penalty, 3 glyph, 13
 attribute, 135 glue_spec, 8 attribute_list, 1 write nodes
   avail lists: 1:1,2:1197,3:282,4:117,5:2272,6:82,7:5018,8:4,9:489,10:7,11:526
 62042 multiletter control sequences out of 65536+600000
 103 fonts using 34804655 bytes
 110i,13n,101p,2368b,1921s stack positions out of 10000i,1000n,20000p,200000b,200000s
<C:/Users/Henri De Plaen/AppData/Local/Programs/MiKTeX/fonts/opentype/public/lm-
math/latinmodern-math.otf><./fonts/garamond/GARAMONDPREMRPRO-BDITCAPT.otf><c:/us
ers/henri de plaen/appdata/local/programs/miktex/fonts/opentype/public/lm/lmmono
8-regular.otf><c:/users/henri de plaen/appdata/local/programs/miktex/fonts/opent
ype/public/lm/lmmono10-regular.otf><C:/Users/Henri De Plaen/AppData/Local/Micros
oft/Windows/Fonts/garamondpremrpro-bd.otf><C:/Users/Henri De Plaen/AppData/Local
/Microsoft/Windows/Fonts/garamondpremrpro-it.otf><./fonts/garamond/GARAMONDPREMR
PRO-BDCAPT.otf><C:/Users/Henri De Plaen/AppData/Local/Microsoft/Windows/Fonts/ga
ramondpremrpro.otf><./fonts/helvetica/HelveticaNeueRoman.otf><./fonts/helvetica/
HelveticaNeueBold.otf>
Output written on main.pdf (34 pages, 242726 bytes).

PDF statistics: 360 PDF objects out of 1000 (max. 8388607)
 80 named destinations out of 1000 (max. 131072)
 171 words of extra memory for PDF output out of 10000 (max. 100000000)

